#
# A fatal error has been detected by the Java Runtime Environment:
#
#  EXCEPTION_ACCESS_VIOLATION (0xc0000005) at pc=0x00007ffdaf3a6a87, pid=14068, tid=20616
#
# JRE version: OpenJDK Runtime Environment (17.0.1+12) (build 17.0.1+12-39)
# Java VM: OpenJDK 64-Bit Server VM (17.0.1+12-39, mixed mode, sharing, tiered, compressed oops, compressed class ptrs, g1 gc, windows-amd64)
# Problematic frame:
# C  [glass.dll+0x26a87]
#
# No core dump will be written. Minidumps are not enabled by default on client versions of Windows
#
# If you would like to submit a bug report, please visit:
#   https://bugreport.java.com/bugreport/crash.jsp
#

---------------  S U M M A R Y ------------

Command Line: -javaagent:C:\Program Files\JetBrains\IntelliJ IDEA Community Edition 2021.3.1\lib\idea_rt.jar=63245:C:\Program Files\JetBrains\IntelliJ IDEA Community Edition 2021.3.1\bin -Dfile.encoding=UTF-8 --module-path=C:\Users\minhd\.m2\repository\com\fasterxml\jackson\datatype\jackson-datatype-jsr310\2.13.1\jackson-datatype-jsr310-2.13.1.jar;C:\Users\minhd\.m2\repository\org\openjfx\javafx-controls\17.0.1\javafx-controls-17.0.1-win.jar;C:\Users\minhd\IdeaProjects\todo\target\classes;C:\Users\minhd\.m2\repository\com\fasterxml\jackson\core\jackson-databind\2.13.0\jackson-databind-2.13.0.jar;C:\Users\minhd\.m2\repository\org\openjfx\javafx-base\17.0.1\javafx-base-17.0.1-win.jar;C:\Users\minhd\.m2\repository\org\openjfx\javafx-fxml\17.0.1\javafx-fxml-17.0.1-win.jar;C:\Users\minhd\.m2\repository\com\fasterxml\jackson\core\jackson-annotations\2.13.1\jackson-annotations-2.13.1.jar;C:\Users\minhd\.m2\repository\org\openjfx\javafx-graphics\17.0.1\javafx-graphics-17.0.1-win.jar;C:\Users\minhd\.m2\repository\com\fasterxml\jackson\core\jackson-core\2.13.1\jackson-core-2.13.1.jar -Djdk.module.main=com.example.todo com.example.todo/com.example.todo.Main

Host: Intel(R) Core(TM) i5-10210U CPU @ 1.60GHz, 8 cores, 7G,  Windows 10 , 64 bit Build 22543 (10.0.22543.1000)
Time: Wed Feb  9 21:52:18 2022 W. Europe Standard Time elapsed time: 46.772792 seconds (0d 0h 0m 46s)

---------------  T H R E A D  ---------------

Current thread (0x000001bf20064670):  VMThread "VM Thread" [stack: 0x00000089e1c00000,0x00000089e1d00000] [id=20616]

Stack: [0x00000089e1c00000,0x00000089e1d00000],  sp=0x00000089e1cff400,  free space=1021k
Native frames: (J=compiled Java code, j=interpreted, Vv=VM code, C=native code)
C  [glass.dll+0x26a87]


siginfo: EXCEPTION_ACCESS_VIOLATION (0xc0000005), reading address 0x0000000000000000


Register to memory mapping:

RIP=0x00007ffdaf3a6a87 glass.dll
RAX=0x0 is NULL
RBX=0x000001bf2007a310 is a global jni handle
RCX=0x000001bf20064670 points into unknown readable memory: 0x00007ffd7bb2c5c0 | c0 c5 b2 7b fd 7f 00 00
RDX=0x00000089e1cff400 points into unknown readable memory: 0x0000000000000000 | 00 00 00 00 00 00 00 00
RSP=0x00000089e1cff400 points into unknown readable memory: 0x0000000000000000 | 00 00 00 00 00 00 00 00
RBP=0x000001bf215cf418 points into unknown readable memory: 0x000044c212305bcf | cf 5b 30 12 c2 44 00 00
RSI=0x00000089e1cff508 points into unknown readable memory: 0x00000089e1cff4f0 | f0 f4 cf e1 89 00 00 00
RDI=0x000001bf215cf3f0 points into unknown readable memory: 0x3ffe935f0d065bcf | cf 5b 06 0d 5f 93 fe 3f
R8 =0x0000000000010002 is an unknown value
R9 =0x000001bf215cf3f0 points into unknown readable memory: 0x3ffe935f0d065bcf | cf 5b 06 0d 5f 93 fe 3f
R10=0x85f13e9656da4870 is an unknown value
R11=0x00000089e1cff390 points into unknown readable memory: 0x000001bf215cf3f0 | f0 f3 5c 21 bf 01 00 00
R12=0x00007ffdaf3a4354 glass.dll
R13=0x00007ffd7bcd2940 jvm.dll
R14=0x000044c212305bcf is an unknown value
R15=0x000001bf215cf3f0 points into unknown readable memory: 0x3ffe935f0d065bcf | cf 5b 06 0d 5f 93 fe 3f


Registers:
RAX=0x0000000000000000, RBX=0x000001bf2007a310, RCX=0x000001bf20064670, RDX=0x00000089e1cff400
RSP=0x00000089e1cff400, RBP=0x000001bf215cf418, RSI=0x00000089e1cff508, RDI=0x000001bf215cf3f0
R8 =0x0000000000010002, R9 =0x000001bf215cf3f0, R10=0x85f13e9656da4870, R11=0x00000089e1cff390
R12=0x00007ffdaf3a4354, R13=0x00007ffd7bcd2940, R14=0x000044c212305bcf, R15=0x000001bf215cf3f0
RIP=0x00007ffdaf3a6a87, EFLAGS=0x0000000000010202

Top of Stack: (sp=0x00000089e1cff400)
0x00000089e1cff400:   0000000000000000 00000089e1cff508
0x00000089e1cff410:   00007ffd7bcd2940 00007ffdaf3a4354
0x00000089e1cff420:   000001bf215cf3f8 00007ffdf3913973
0x00000089e1cff430:   000001bf215cf3f0 000001bf00000000
0x00000089e1cff440:   000001bf215cf418 00000089e1cff508
0x00000089e1cff450:   fffffffffffffffe 0000000000000000
0x00000089e1cff460:   0000000000000001 00007ffdaf380000
0x00000089e1cff470:   00000089e1cff4f8 00007ffdf38e0022
0x00000089e1cff480:   0000000000000000 00000089e1cff508
0x00000089e1cff490:   00000089e1cff7f0 0000000000000001
0x00000089e1cff4a0:   0000000000000001 00007ffdf38dffdd
0x00000089e1cff4b0:   0000000000000000 00007ffdaf3a3b4d
0x00000089e1cff4c0:   0000000000000000 00000089e1cff4f8
0x00000089e1cff4d0:   fffffffffffffffe 00000089e1cff700
0x00000089e1cff4e0:   0000000000000000 00007ffdaf3a41e1
0x00000089e1cff4f0:   00007ffdaf3ba138 00007ffd00000002 

Instructions: (pc=0x00007ffdaf3a6a87)
0x00007ffdaf3a6987:   8b 4d 58 e8 01 cf ff ff 48 8b 4d 60 e8 f8 ce ff
0x00007ffdaf3a6997:   ff 48 8b 95 80 00 00 00 48 8b 8d 18 01 00 00 e8
0x00007ffdaf3a69a7:   c6 c3 ff ff 33 d2 33 c9 e8 3c e1 ff ff 90 48 89
0x00007ffdaf3a69b7:   54 24 10 55 48 83 ec 20 48 8b ea 48 b8 00 00 00
0x00007ffdaf3a69c7:   00 00 00 00 00 48 83 c4 20 5d c3 cc 40 55 48 8b
0x00007ffdaf3a69d7:   ea 48 8b 01 33 c9 81 38 05 00 00 c0 0f 94 c1 8b
0x00007ffdaf3a69e7:   c1 5d c3 cc 40 55 48 83 ec 20 48 8b ea 8a 4d 40
0x00007ffdaf3a69f7:   48 83 c4 20 5d e9 f7 d2 ff ff cc 40 55 48 83 ec
0x00007ffdaf3a6a07:   20 48 8b ea 8a 4d 20 e8 e5 d2 ff ff 90 48 83 c4
0x00007ffdaf3a6a17:   20 5d c3 cc 40 55 48 83 ec 20 48 8b ea 48 83 c4
0x00007ffdaf3a6a27:   20 5d e9 46 d1 ff ff cc 40 55 48 83 ec 30 48 8b
0x00007ffdaf3a6a37:   ea 48 8b 01 8b 10 48 89 4c 24 28 89 54 24 20 4c
0x00007ffdaf3a6a47:   8d 0d e7 d5 ff ff 4c 8b 45 70 8b 55 68 48 8b 4d
0x00007ffdaf3a6a57:   60 e8 87 d0 ff ff 90 48 83 c4 30 5d c3 cc cc cc
0x00007ffdaf3a6a67:   cc cc cc cc cc cc cc cc cc 40 53 48 83 ec 20 48
0x00007ffdaf3a6a77:   8b 1d b3 30 01 00 48 85 db 74 16 e8 09 8b ff ff
0x00007ffdaf3a6a87:   4c 8b 00 48 8b d3 48 8b c8 41 ff 90 b0 00 00 00
0x00007ffdaf3a6a97:   90 48 83 c4 20 5b c3 cc cc 40 53 48 83 ec 20 48
0x00007ffdaf3a6aa7:   8b 1d 2b 32 01 00 48 85 db 74 57 b8 ff ff ff ff
0x00007ffdaf3a6ab7:   f0 0f c1 43 10 83 f8 01 75 3d 48 85 db 74 38 48
0x00007ffdaf3a6ac7:   8b 0b 48 85 c9 74 0d ff 15 d4 07 00 00 48 c7 03
0x00007ffdaf3a6ad7:   00 00 00 00 48 8b 4b 08 48 85 c9 74 0d e8 a7 cd
0x00007ffdaf3a6ae7:   ff ff 48 c7 43 08 00 00 00 00 ba 18 00 00 00 48
0x00007ffdaf3a6af7:   8b cb e8 92 cd ff ff 48 c7 05 cf 31 01 00 00 00
0x00007ffdaf3a6b07:   00 00 48 83 c4 20 5b c3 cc 40 53 48 83 ec 20 48
0x00007ffdaf3a6b17:   8b 1d 9b 31 01 00 48 85 db 74 57 b8 ff ff ff ff
0x00007ffdaf3a6b27:   f0 0f c1 43 10 83 f8 01 75 3d 48 85 db 74 38 48
0x00007ffdaf3a6b37:   8b 0b 48 85 c9 74 0d ff 15 64 07 00 00 48 c7 03
0x00007ffdaf3a6b47:   00 00 00 00 48 8b 4b 08 48 85 c9 74 0d e8 37 cd
0x00007ffdaf3a6b57:   ff ff 48 c7 43 08 00 00 00 00 ba 18 00 00 00 48
0x00007ffdaf3a6b67:   8b cb e8 22 cd ff ff 48 c7 05 3f 31 01 00 00 00
0x00007ffdaf3a6b77:   00 00 48 83 c4 20 5b c3 cc 40 53 48 83 ec 20 48 


Stack slot to memory mapping:
stack at sp + 0 slots: 0x0 is NULL
stack at sp + 1 slots: 0x00000089e1cff508 points into unknown readable memory: 0x00000089e1cff4f0 | f0 f4 cf e1 89 00 00 00
stack at sp + 2 slots: 0x00007ffd7bcd2940 jvm.dll
stack at sp + 3 slots: 0x00007ffdaf3a4354 glass.dll
stack at sp + 4 slots: 0x000001bf215cf3f8 points into unknown readable memory: 0x000044c212305bcf | cf 5b 30 12 c2 44 00 00
stack at sp + 5 slots: 0x00007ffdf3913973 ucrtbase.dll
stack at sp + 6 slots: 0x000001bf215cf3f0 points into unknown readable memory: 0x3ffe935f0d065bcf | cf 5b 06 0d 5f 93 fe 3f
stack at sp + 7 slots: 0x000001bf00000000 points into unknown readable memory: 0x0000000000000000 | 00 00 00 00 00 00 00 00

VM_Operation (0x00000089e37ff250): Exit, mode: safepoint, requested by thread 0x000001bf262ad2e0


---------------  P R O C E S S  ---------------

Threads class SMR info:
_java_thread_list=0x000001bf260ba1e0, length=21, elements={
0x000001bf02117c30, 0x000001bf2006b110, 0x000001bf2006dcd0, 0x000001bf2007e560,
0x000001bf20080f20, 0x000001bf200818d0, 0x000001bf20082890, 0x000001bf20083a30,
0x000001bf200844d0, 0x000001bf200887d0, 0x000001bf20c76690, 0x000001bf212a0210,
0x000001bf20f79330, 0x000001bf21593710, 0x000001bf215f9320, 0x000001bf20cc2190,
0x000001bf2177b990, 0x000001bf217c46d0, 0x000001bf261115e0, 0x000001bf262ace10,
0x000001bf262ad2e0
}

Java Threads: ( => current thread )
  0x000001bf02117c30 JavaThread "main" [_thread_blocked, id=11884, stack(0x00000089e1600000,0x00000089e1700000)]
  0x000001bf2006b110 JavaThread "Reference Handler" daemon [_thread_blocked, id=10956, stack(0x00000089e1d00000,0x00000089e1e00000)]
  0x000001bf2006dcd0 JavaThread "Finalizer" daemon [_thread_blocked, id=2104, stack(0x00000089e1e00000,0x00000089e1f00000)]
  0x000001bf2007e560 JavaThread "Signal Dispatcher" daemon [_thread_blocked, id=9156, stack(0x00000089e1f00000,0x00000089e2000000)]
  0x000001bf20080f20 JavaThread "Attach Listener" daemon [_thread_blocked, id=20644, stack(0x00000089e2000000,0x00000089e2100000)]
  0x000001bf200818d0 JavaThread "Service Thread" daemon [_thread_blocked, id=17924, stack(0x00000089e2100000,0x00000089e2200000)]
  0x000001bf20082890 JavaThread "Monitor Deflation Thread" daemon [_thread_blocked, id=20172, stack(0x00000089e2200000,0x00000089e2300000)]
  0x000001bf20083a30 JavaThread "C2 CompilerThread0" daemon [_thread_blocked, id=18488, stack(0x00000089e2300000,0x00000089e2400000)]
  0x000001bf200844d0 JavaThread "C1 CompilerThread0" daemon [_thread_blocked, id=21160, stack(0x00000089e2400000,0x00000089e2500000)]
  0x000001bf200887d0 JavaThread "Sweeper thread" daemon [_thread_blocked, id=19044, stack(0x00000089e2500000,0x00000089e2600000)]
  0x000001bf20c76690 JavaThread "Common-Cleaner" daemon [_thread_blocked, id=2928, stack(0x00000089e2600000,0x00000089e2700000)]
  0x000001bf212a0210 JavaThread "Monitor Ctrl-Break" daemon [_thread_in_native, id=21028, stack(0x00000089e2900000,0x00000089e2a00000)]
  0x000001bf20f79330 JavaThread "Notification Thread" daemon [_thread_blocked, id=4696, stack(0x00000089e2a00000,0x00000089e2b00000)]
  0x000001bf21593710 JavaThread "QuantumRenderer-0" daemon [_thread_blocked, id=20736, stack(0x00000089e2c00000,0x00000089e2d00000)]
  0x000001bf215f9320 JavaThread "InvokeLaterDispatcher" daemon [_thread_blocked, id=16732, stack(0x00000089e2d00000,0x00000089e2e00000)]
  0x000001bf20cc2190 JavaThread "JavaFX Application Thread" [_thread_in_native, id=14320, stack(0x00000089e2700000,0x00000089e2800000)]
  0x000001bf2177b990 JavaThread "Thread-1" daemon [_thread_in_native, id=14528, stack(0x00000089e3000000,0x00000089e3100000)]
  0x000001bf217c46d0 JavaThread "JavaFX-Launcher" [_thread_blocked, id=17584, stack(0x00000089e3100000,0x00000089e3200000)]
  0x000001bf261115e0 JavaThread "Prism Font Disposer" daemon [_thread_blocked, id=9792, stack(0x00000089e3b00000,0x00000089e3c00000)]
  0x000001bf262ace10 JavaThread "Cleaner-0" daemon [_thread_blocked, id=5496, stack(0x00000089e3e00000,0x00000089e3f00000)]
  0x000001bf262ad2e0 JavaThread "SIGINT handler" daemon [_thread_blocked, id=8560, stack(0x00000089e3700000,0x00000089e3800000)]

Other Threads:
=>0x000001bf20064670 VMThread "VM Thread" [stack: 0x00000089e1c00000,0x00000089e1d00000] [id=20616]
  0x000001bf02154bb0 GCTaskThread "GC Thread#0" [stack: 0x00000089e1700000,0x00000089e1800000] [id=16792]
  0x000001bf2179b230 GCTaskThread "GC Thread#1" [stack: 0x00000089e3200000,0x00000089e3300000] [id=13704]
  0x000001bf2179b4e0 GCTaskThread "GC Thread#2" [stack: 0x00000089e3300000,0x00000089e3400000] [id=16904]
  0x000001bf21770da0 GCTaskThread "GC Thread#3" [stack: 0x00000089e3400000,0x00000089e3500000] [id=19360]
  0x000001bf21771050 GCTaskThread "GC Thread#4" [stack: 0x00000089e3500000,0x00000089e3600000] [id=544]
  0x000001bf21771300 GCTaskThread "GC Thread#5" [stack: 0x00000089e3600000,0x00000089e3700000] [id=12508]
  0x000001bf261bc7f0 GCTaskThread "GC Thread#6" [stack: 0x00000089e3c00000,0x00000089e3d00000] [id=15464]
  0x000001bf261bcaa0 GCTaskThread "GC Thread#7" [stack: 0x00000089e3d00000,0x00000089e3e00000] [id=14428]
  0x000001bf02164ce0 ConcurrentGCThread "G1 Main Marker" terminated
  0x000001bf02164fb0 ConcurrentGCThread "G1 Conc#0" [stack: 0x00000089e1900000,0x00000089e1a00000] [id=4888]
  0x000001bf1ff200a0 ConcurrentGCThread "G1 Refine#0" terminated
  0x000001bf1ff20960 ConcurrentGCThread "G1 Service" terminated

Threads with active compile tasks:

VM state: at safepoint (shutting down)

VM Mutex/Monitor currently owned by a thread:  ([mutex/lock_event])
[0x000001bf02112960] Threads_lock - owner thread: 0x000001bf20064670
[0x000001bf021135c0] Heap_lock - owner thread: 0x000001bf262ad2e0

Heap address: 0x0000000083200000, size: 1998 MB, Compressed Oops mode: 32-bit

CDS archive(s) mapped at: [0x0000000800000000-0x0000000800bc0000-0x0000000800bc0000), size 12320768, SharedBaseAddress: 0x0000000800000000, ArchiveRelocationMode: 0.
Compressed class space mapped at: 0x0000000800c00000-0x0000000840c00000, reserved size: 1073741824
Narrow klass base: 0x0000000800000000, Narrow klass shift: 0, Narrow klass range: 0x100000000

GC Precious Log:
 CPUs: 8 total, 8 available
 Memory: 7990M
 Large Page Support: Disabled
 NUMA Support: Disabled
 Compressed Oops: Enabled (32-bit)
 Heap Region Size: 1M
 Heap Min Capacity: 8M
 Heap Initial Capacity: 126M
 Heap Max Capacity: 1998M
 Pre-touch: Disabled
 Parallel Workers: 8
 Concurrent Workers: 2
 Concurrent Refinement Workers: 8
 Periodic GC: Disabled

Heap:
 garbage-first heap   total 129024K, used 21784K [0x0000000083200000, 0x0000000100000000)
  region size 1024K, 18 young (18432K), 5 survivors (5120K)
 Metaspace       used 15813K, committed 16064K, reserved 1064960K
  class space    used 2268K, committed 2368K, reserved 1048576K

Heap Regions: E=young(eden), S=young(survivor), O=old, HS=humongous(starts), HC=humongous(continues), CS=collection set, F=free, OA=open archive, CA=closed archive, TAMS=top-at-mark-start (previous, next)
|   0|0x0000000083200000, 0x0000000083300000, 0x0000000083300000|100%| O|  |TAMS 0x0000000083200000, 0x0000000083200000| Untracked 
|   1|0x0000000083300000, 0x0000000083400000, 0x0000000083400000|100%| O|  |TAMS 0x0000000083300000, 0x0000000083300000| Untracked 
|   2|0x0000000083400000, 0x0000000083500000, 0x0000000083500000|100%| O|  |TAMS 0x0000000083400000, 0x0000000083400000| Untracked 
|   3|0x0000000083500000, 0x000000008352a800, 0x0000000083600000| 16%| O|  |TAMS 0x0000000083500000, 0x0000000083500000| Untracked 
|   4|0x0000000083600000, 0x0000000083700000, 0x0000000083700000|100%|HS|  |TAMS 0x0000000083600000, 0x0000000083600000| Complete 
|   5|0x0000000083700000, 0x0000000083800000, 0x0000000083800000|100%|HC|  |TAMS 0x0000000083700000, 0x0000000083700000| Complete 
|   6|0x0000000083800000, 0x0000000083800000, 0x0000000083900000|  0%| F|  |TAMS 0x0000000083800000, 0x0000000083800000| Untracked 
|   7|0x0000000083900000, 0x0000000083900000, 0x0000000083a00000|  0%| F|  |TAMS 0x0000000083900000, 0x0000000083900000| Untracked 
|   8|0x0000000083a00000, 0x0000000083a00000, 0x0000000083b00000|  0%| F|  |TAMS 0x0000000083a00000, 0x0000000083a00000| Untracked 
|   9|0x0000000083b00000, 0x0000000083b00000, 0x0000000083c00000|  0%| F|  |TAMS 0x0000000083b00000, 0x0000000083b00000| Untracked 
|  10|0x0000000083c00000, 0x0000000083c00000, 0x0000000083d00000|  0%| F|  |TAMS 0x0000000083c00000, 0x0000000083c00000| Untracked 
|  11|0x0000000083d00000, 0x0000000083d00000, 0x0000000083e00000|  0%| F|  |TAMS 0x0000000083d00000, 0x0000000083d00000| Untracked 
|  12|0x0000000083e00000, 0x0000000083e00000, 0x0000000083f00000|  0%| F|  |TAMS 0x0000000083e00000, 0x0000000083e00000| Untracked 
|  13|0x0000000083f00000, 0x0000000083f00000, 0x0000000084000000|  0%| F|  |TAMS 0x0000000083f00000, 0x0000000083f00000| Untracked 
|  14|0x0000000084000000, 0x0000000084000000, 0x0000000084100000|  0%| F|  |TAMS 0x0000000084000000, 0x0000000084000000| Untracked 
|  15|0x0000000084100000, 0x0000000084100000, 0x0000000084200000|  0%| F|  |TAMS 0x0000000084100000, 0x0000000084100000| Untracked 
|  16|0x0000000084200000, 0x0000000084200000, 0x0000000084300000|  0%| F|  |TAMS 0x0000000084200000, 0x0000000084200000| Untracked 
|  17|0x0000000084300000, 0x0000000084300000, 0x0000000084400000|  0%| F|  |TAMS 0x0000000084300000, 0x0000000084300000| Untracked 
|  18|0x0000000084400000, 0x0000000084400000, 0x0000000084500000|  0%| F|  |TAMS 0x0000000084400000, 0x0000000084400000| Untracked 
|  19|0x0000000084500000, 0x0000000084500000, 0x0000000084600000|  0%| F|  |TAMS 0x0000000084500000, 0x0000000084500000| Untracked 
|  20|0x0000000084600000, 0x0000000084600000, 0x0000000084700000|  0%| F|  |TAMS 0x0000000084600000, 0x0000000084600000| Untracked 
|  21|0x0000000084700000, 0x0000000084700000, 0x0000000084800000|  0%| F|  |TAMS 0x0000000084700000, 0x0000000084700000| Untracked 
|  22|0x0000000084800000, 0x0000000084800000, 0x0000000084900000|  0%| F|  |TAMS 0x0000000084800000, 0x0000000084800000| Untracked 
|  23|0x0000000084900000, 0x0000000084900000, 0x0000000084a00000|  0%| F|  |TAMS 0x0000000084900000, 0x0000000084900000| Untracked 
|  24|0x0000000084a00000, 0x0000000084a00000, 0x0000000084b00000|  0%| F|  |TAMS 0x0000000084a00000, 0x0000000084a00000| Untracked 
|  25|0x0000000084b00000, 0x0000000084b00000, 0x0000000084c00000|  0%| F|  |TAMS 0x0000000084b00000, 0x0000000084b00000| Untracked 
|  26|0x0000000084c00000, 0x0000000084c00000, 0x0000000084d00000|  0%| F|  |TAMS 0x0000000084c00000, 0x0000000084c00000| Untracked 
|  27|0x0000000084d00000, 0x0000000084d00000, 0x0000000084e00000|  0%| F|  |TAMS 0x0000000084d00000, 0x0000000084d00000| Untracked 
|  28|0x0000000084e00000, 0x0000000084e00000, 0x0000000084f00000|  0%| F|  |TAMS 0x0000000084e00000, 0x0000000084e00000| Untracked 
|  29|0x0000000084f00000, 0x0000000084f00000, 0x0000000085000000|  0%| F|  |TAMS 0x0000000084f00000, 0x0000000084f00000| Untracked 
|  30|0x0000000085000000, 0x0000000085000000, 0x0000000085100000|  0%| F|  |TAMS 0x0000000085000000, 0x0000000085000000| Untracked 
|  31|0x0000000085100000, 0x0000000085100000, 0x0000000085200000|  0%| F|  |TAMS 0x0000000085100000, 0x0000000085100000| Untracked 
|  32|0x0000000085200000, 0x0000000085200000, 0x0000000085300000|  0%| F|  |TAMS 0x0000000085200000, 0x0000000085200000| Untracked 
|  33|0x0000000085300000, 0x0000000085300000, 0x0000000085400000|  0%| F|  |TAMS 0x0000000085300000, 0x0000000085300000| Untracked 
|  34|0x0000000085400000, 0x0000000085400000, 0x0000000085500000|  0%| F|  |TAMS 0x0000000085400000, 0x0000000085400000| Untracked 
|  35|0x0000000085500000, 0x0000000085500000, 0x0000000085600000|  0%| F|  |TAMS 0x0000000085500000, 0x0000000085500000| Untracked 
|  36|0x0000000085600000, 0x0000000085600000, 0x0000000085700000|  0%| F|  |TAMS 0x0000000085600000, 0x0000000085600000| Untracked 
|  37|0x0000000085700000, 0x0000000085700000, 0x0000000085800000|  0%| F|  |TAMS 0x0000000085700000, 0x0000000085700000| Untracked 
|  38|0x0000000085800000, 0x0000000085800000, 0x0000000085900000|  0%| F|  |TAMS 0x0000000085800000, 0x0000000085800000| Untracked 
|  39|0x0000000085900000, 0x0000000085900000, 0x0000000085a00000|  0%| F|  |TAMS 0x0000000085900000, 0x0000000085900000| Untracked 
|  40|0x0000000085a00000, 0x0000000085a00000, 0x0000000085b00000|  0%| F|  |TAMS 0x0000000085a00000, 0x0000000085a00000| Untracked 
|  41|0x0000000085b00000, 0x0000000085b00000, 0x0000000085c00000|  0%| F|  |TAMS 0x0000000085b00000, 0x0000000085b00000| Untracked 
|  42|0x0000000085c00000, 0x0000000085c00000, 0x0000000085d00000|  0%| F|  |TAMS 0x0000000085c00000, 0x0000000085c00000| Untracked 
|  43|0x0000000085d00000, 0x0000000085d00000, 0x0000000085e00000|  0%| F|  |TAMS 0x0000000085d00000, 0x0000000085d00000| Untracked 
|  44|0x0000000085e00000, 0x0000000085e00000, 0x0000000085f00000|  0%| F|  |TAMS 0x0000000085e00000, 0x0000000085e00000| Untracked 
|  45|0x0000000085f00000, 0x0000000085f00000, 0x0000000086000000|  0%| F|  |TAMS 0x0000000085f00000, 0x0000000085f00000| Untracked 
|  46|0x0000000086000000, 0x0000000086000000, 0x0000000086100000|  0%| F|  |TAMS 0x0000000086000000, 0x0000000086000000| Untracked 
|  47|0x0000000086100000, 0x0000000086100000, 0x0000000086200000|  0%| F|  |TAMS 0x0000000086100000, 0x0000000086100000| Untracked 
|  48|0x0000000086200000, 0x0000000086200000, 0x0000000086300000|  0%| F|  |TAMS 0x0000000086200000, 0x0000000086200000| Untracked 
|  49|0x0000000086300000, 0x0000000086300000, 0x0000000086400000|  0%| F|  |TAMS 0x0000000086300000, 0x0000000086300000| Untracked 
|  50|0x0000000086400000, 0x0000000086400000, 0x0000000086500000|  0%| F|  |TAMS 0x0000000086400000, 0x0000000086400000| Untracked 
|  51|0x0000000086500000, 0x0000000086500000, 0x0000000086600000|  0%| F|  |TAMS 0x0000000086500000, 0x0000000086500000| Untracked 
|  52|0x0000000086600000, 0x0000000086600000, 0x0000000086700000|  0%| F|  |TAMS 0x0000000086600000, 0x0000000086600000| Untracked 
|  53|0x0000000086700000, 0x0000000086700000, 0x0000000086800000|  0%| F|  |TAMS 0x0000000086700000, 0x0000000086700000| Untracked 
|  54|0x0000000086800000, 0x0000000086800000, 0x0000000086900000|  0%| F|  |TAMS 0x0000000086800000, 0x0000000086800000| Untracked 
|  55|0x0000000086900000, 0x0000000086900000, 0x0000000086a00000|  0%| F|  |TAMS 0x0000000086900000, 0x0000000086900000| Untracked 
|  56|0x0000000086a00000, 0x0000000086a00000, 0x0000000086b00000|  0%| F|  |TAMS 0x0000000086a00000, 0x0000000086a00000| Untracked 
|  57|0x0000000086b00000, 0x0000000086b00000, 0x0000000086c00000|  0%| F|  |TAMS 0x0000000086b00000, 0x0000000086b00000| Untracked 
|  58|0x0000000086c00000, 0x0000000086c00000, 0x0000000086d00000|  0%| F|  |TAMS 0x0000000086c00000, 0x0000000086c00000| Untracked 
|  59|0x0000000086d00000, 0x0000000086d00000, 0x0000000086e00000|  0%| F|  |TAMS 0x0000000086d00000, 0x0000000086d00000| Untracked 
|  60|0x0000000086e00000, 0x0000000086e00000, 0x0000000086f00000|  0%| F|  |TAMS 0x0000000086e00000, 0x0000000086e00000| Untracked 
|  61|0x0000000086f00000, 0x0000000086f00000, 0x0000000087000000|  0%| F|  |TAMS 0x0000000086f00000, 0x0000000086f00000| Untracked 
|  62|0x0000000087000000, 0x0000000087000000, 0x0000000087100000|  0%| F|  |TAMS 0x0000000087000000, 0x0000000087000000| Untracked 
|  63|0x0000000087100000, 0x0000000087100000, 0x0000000087200000|  0%| F|  |TAMS 0x0000000087100000, 0x0000000087100000| Untracked 
|  64|0x0000000087200000, 0x0000000087200000, 0x0000000087300000|  0%| F|  |TAMS 0x0000000087200000, 0x0000000087200000| Untracked 
|  65|0x0000000087300000, 0x0000000087300000, 0x0000000087400000|  0%| F|  |TAMS 0x0000000087300000, 0x0000000087300000| Untracked 
|  66|0x0000000087400000, 0x0000000087400000, 0x0000000087500000|  0%| F|  |TAMS 0x0000000087400000, 0x0000000087400000| Untracked 
|  67|0x0000000087500000, 0x0000000087500000, 0x0000000087600000|  0%| F|  |TAMS 0x0000000087500000, 0x0000000087500000| Untracked 
|  68|0x0000000087600000, 0x0000000087600000, 0x0000000087700000|  0%| F|  |TAMS 0x0000000087600000, 0x0000000087600000| Untracked 
|  69|0x0000000087700000, 0x0000000087700000, 0x0000000087800000|  0%| F|  |TAMS 0x0000000087700000, 0x0000000087700000| Untracked 
|  70|0x0000000087800000, 0x0000000087800000, 0x0000000087900000|  0%| F|  |TAMS 0x0000000087800000, 0x0000000087800000| Untracked 
|  71|0x0000000087900000, 0x0000000087900000, 0x0000000087a00000|  0%| F|  |TAMS 0x0000000087900000, 0x0000000087900000| Untracked 
|  72|0x0000000087a00000, 0x0000000087a00000, 0x0000000087b00000|  0%| F|  |TAMS 0x0000000087a00000, 0x0000000087a00000| Untracked 
|  73|0x0000000087b00000, 0x0000000087b00000, 0x0000000087c00000|  0%| F|  |TAMS 0x0000000087b00000, 0x0000000087b00000| Untracked 
|  74|0x0000000087c00000, 0x0000000087c00000, 0x0000000087d00000|  0%| F|  |TAMS 0x0000000087c00000, 0x0000000087c00000| Untracked 
|  75|0x0000000087d00000, 0x0000000087d00000, 0x0000000087e00000|  0%| F|  |TAMS 0x0000000087d00000, 0x0000000087d00000| Untracked 
|  76|0x0000000087e00000, 0x0000000087e00000, 0x0000000087f00000|  0%| F|  |TAMS 0x0000000087e00000, 0x0000000087e00000| Untracked 
|  77|0x0000000087f00000, 0x0000000087f00000, 0x0000000088000000|  0%| F|  |TAMS 0x0000000087f00000, 0x0000000087f00000| Untracked 
|  78|0x0000000088000000, 0x0000000088000000, 0x0000000088100000|  0%| F|  |TAMS 0x0000000088000000, 0x0000000088000000| Untracked 
|  79|0x0000000088100000, 0x0000000088100000, 0x0000000088200000|  0%| F|  |TAMS 0x0000000088100000, 0x0000000088100000| Untracked 
|  80|0x0000000088200000, 0x0000000088200000, 0x0000000088300000|  0%| F|  |TAMS 0x0000000088200000, 0x0000000088200000| Untracked 
|  81|0x0000000088300000, 0x0000000088300000, 0x0000000088400000|  0%| F|  |TAMS 0x0000000088300000, 0x0000000088300000| Untracked 
|  82|0x0000000088400000, 0x0000000088400000, 0x0000000088500000|  0%| F|  |TAMS 0x0000000088400000, 0x0000000088400000| Untracked 
|  83|0x0000000088500000, 0x0000000088500000, 0x0000000088600000|  0%| F|  |TAMS 0x0000000088500000, 0x0000000088500000| Untracked 
|  84|0x0000000088600000, 0x0000000088600000, 0x0000000088700000|  0%| F|  |TAMS 0x0000000088600000, 0x0000000088600000| Untracked 
|  85|0x0000000088700000, 0x0000000088700000, 0x0000000088800000|  0%| F|  |TAMS 0x0000000088700000, 0x0000000088700000| Untracked 
|  86|0x0000000088800000, 0x000000008881b9b0, 0x0000000088900000| 10%| S|CS|TAMS 0x0000000088800000, 0x0000000088800000| Complete 
|  87|0x0000000088900000, 0x0000000088a00000, 0x0000000088a00000|100%| S|CS|TAMS 0x0000000088900000, 0x0000000088900000| Complete 
|  88|0x0000000088a00000, 0x0000000088b00000, 0x0000000088b00000|100%| S|CS|TAMS 0x0000000088a00000, 0x0000000088a00000| Complete 
|  89|0x0000000088b00000, 0x0000000088c00000, 0x0000000088c00000|100%| S|CS|TAMS 0x0000000088b00000, 0x0000000088b00000| Complete 
|  90|0x0000000088c00000, 0x0000000088d00000, 0x0000000088d00000|100%| S|CS|TAMS 0x0000000088c00000, 0x0000000088c00000| Complete 
|  91|0x0000000088d00000, 0x0000000088d00000, 0x0000000088e00000|  0%| F|  |TAMS 0x0000000088d00000, 0x0000000088d00000| Untracked 
|  92|0x0000000088e00000, 0x0000000088e00000, 0x0000000088f00000|  0%| F|  |TAMS 0x0000000088e00000, 0x0000000088e00000| Untracked 
|  93|0x0000000088f00000, 0x0000000088f00000, 0x0000000089000000|  0%| F|  |TAMS 0x0000000088f00000, 0x0000000088f00000| Untracked 
|  94|0x0000000089000000, 0x0000000089000000, 0x0000000089100000|  0%| F|  |TAMS 0x0000000089000000, 0x0000000089000000| Untracked 
|  95|0x0000000089100000, 0x0000000089100000, 0x0000000089200000|  0%| F|  |TAMS 0x0000000089100000, 0x0000000089100000| Untracked 
|  96|0x0000000089200000, 0x0000000089200000, 0x0000000089300000|  0%| F|  |TAMS 0x0000000089200000, 0x0000000089200000| Untracked 
|  97|0x0000000089300000, 0x0000000089300000, 0x0000000089400000|  0%| F|  |TAMS 0x0000000089300000, 0x0000000089300000| Untracked 
|  98|0x0000000089400000, 0x0000000089400000, 0x0000000089500000|  0%| F|  |TAMS 0x0000000089400000, 0x0000000089400000| Untracked 
|  99|0x0000000089500000, 0x0000000089500000, 0x0000000089600000|  0%| F|  |TAMS 0x0000000089500000, 0x0000000089500000| Untracked 
| 100|0x0000000089600000, 0x0000000089600000, 0x0000000089700000|  0%| F|  |TAMS 0x0000000089600000, 0x0000000089600000| Untracked 
| 101|0x0000000089700000, 0x0000000089700000, 0x0000000089800000|  0%| F|  |TAMS 0x0000000089700000, 0x0000000089700000| Untracked 
| 102|0x0000000089800000, 0x0000000089800000, 0x0000000089900000|  0%| F|  |TAMS 0x0000000089800000, 0x0000000089800000| Untracked 
| 103|0x0000000089900000, 0x0000000089900000, 0x0000000089a00000|  0%| F|  |TAMS 0x0000000089900000, 0x0000000089900000| Untracked 
| 104|0x0000000089a00000, 0x0000000089a00000, 0x0000000089b00000|  0%| F|  |TAMS 0x0000000089a00000, 0x0000000089a00000| Untracked 
| 105|0x0000000089b00000, 0x0000000089b00000, 0x0000000089c00000|  0%| F|  |TAMS 0x0000000089b00000, 0x0000000089b00000| Untracked 
| 106|0x0000000089c00000, 0x0000000089c00000, 0x0000000089d00000|  0%| F|  |TAMS 0x0000000089c00000, 0x0000000089c00000| Untracked 
| 107|0x0000000089d00000, 0x0000000089d00000, 0x0000000089e00000|  0%| F|  |TAMS 0x0000000089d00000, 0x0000000089d00000| Untracked 
| 108|0x0000000089e00000, 0x0000000089e00000, 0x0000000089f00000|  0%| F|  |TAMS 0x0000000089e00000, 0x0000000089e00000| Untracked 
| 109|0x0000000089f00000, 0x0000000089f00000, 0x000000008a000000|  0%| F|  |TAMS 0x0000000089f00000, 0x0000000089f00000| Untracked 
| 110|0x000000008a000000, 0x000000008a000000, 0x000000008a100000|  0%| F|  |TAMS 0x000000008a000000, 0x000000008a000000| Untracked 
| 111|0x000000008a100000, 0x000000008a100000, 0x000000008a200000|  0%| F|  |TAMS 0x000000008a100000, 0x000000008a100000| Untracked 
| 112|0x000000008a200000, 0x000000008a200000, 0x000000008a300000|  0%| F|  |TAMS 0x000000008a200000, 0x000000008a200000| Untracked 
| 113|0x000000008a300000, 0x000000008a3d7900, 0x000000008a400000| 84%| E|  |TAMS 0x000000008a300000, 0x000000008a300000| Complete 
| 114|0x000000008a400000, 0x000000008a500000, 0x000000008a500000|100%| E|CS|TAMS 0x000000008a400000, 0x000000008a400000| Complete 
| 115|0x000000008a500000, 0x000000008a600000, 0x000000008a600000|100%| E|CS|TAMS 0x000000008a500000, 0x000000008a500000| Complete 
| 116|0x000000008a600000, 0x000000008a700000, 0x000000008a700000|100%| E|CS|TAMS 0x000000008a600000, 0x000000008a600000| Complete 
| 117|0x000000008a700000, 0x000000008a800000, 0x000000008a800000|100%| E|CS|TAMS 0x000000008a700000, 0x000000008a700000| Complete 
| 118|0x000000008a800000, 0x000000008a900000, 0x000000008a900000|100%| E|CS|TAMS 0x000000008a800000, 0x000000008a800000| Complete 
| 119|0x000000008a900000, 0x000000008aa00000, 0x000000008aa00000|100%| E|CS|TAMS 0x000000008a900000, 0x000000008a900000| Complete 
| 120|0x000000008aa00000, 0x000000008ab00000, 0x000000008ab00000|100%| E|CS|TAMS 0x000000008aa00000, 0x000000008aa00000| Complete 
| 121|0x000000008ab00000, 0x000000008ac00000, 0x000000008ac00000|100%| E|CS|TAMS 0x000000008ab00000, 0x000000008ab00000| Complete 
| 122|0x000000008ac00000, 0x000000008ad00000, 0x000000008ad00000|100%| E|CS|TAMS 0x000000008ac00000, 0x000000008ac00000| Complete 
| 123|0x000000008ad00000, 0x000000008ae00000, 0x000000008ae00000|100%| E|CS|TAMS 0x000000008ad00000, 0x000000008ad00000| Complete 
| 124|0x000000008ae00000, 0x000000008af00000, 0x000000008af00000|100%| E|CS|TAMS 0x000000008ae00000, 0x000000008ae00000| Complete 
| 125|0x000000008af00000, 0x000000008b000000, 0x000000008b000000|100%| E|CS|TAMS 0x000000008af00000, 0x000000008af00000| Complete 

Card table byte_map: [0x000001bf19010000,0x000001bf19400000] _byte_map_base: 0x000001bf18bf7000

Marking Bits (Prev, Next): (CMBitMap*) 0x000001bf7fffbaa0, (CMBitMap*) 0x000001bf7fffbae0
 Prev Bits: [0x000001bf197f0000, 0x000001bf1b728000)
 Next Bits: [0x000001bf1b730000, 0x000001bf1d668000)

Polling page: 0x000001bf000a0000

Metaspace:

Usage:
  Non-class:     13.23 MB used.
      Class:      2.22 MB used.
       Both:     15.44 MB used.

Virtual space:
  Non-class space:       16.00 MB reserved,      13.38 MB ( 84%) committed,  2 nodes.
      Class space:        1.00 GB reserved,       2.31 MB ( <1%) committed,  1 nodes.
             Both:        1.02 GB reserved,      15.69 MB (  2%) committed. 

Chunk freelists:
   Non-Class:  1.86 MB
       Class:  1.64 MB
        Both:  3.50 MB

MaxMetaspaceSize: unlimited
CompressedClassSpaceSize: 1.00 GB
Initial GC threshold: 21.00 MB
Current GC threshold: 21.00 MB
CDS: on
MetaspaceReclaimPolicy: balanced
 - commit_granule_bytes: 65536.
 - commit_granule_words: 8192.
 - virtual_space_node_default_size: 1048576.
 - enlarge_chunks_in_place: 1.
 - new_chunks_are_fully_committed: 0.
 - uncommit_free_chunks: 1.
 - use_allocation_guard: 0.
 - handle_deallocations: 1.


Internal statistics:

num_allocs_failed_limit: 0.
num_arena_births: 206.
num_arena_deaths: 0.
num_vsnodes_births: 3.
num_vsnodes_deaths: 0.
num_space_committed: 251.
num_space_uncommitted: 0.
num_chunks_returned_to_freelist: 0.
num_chunks_taken_from_freelist: 723.
num_chunk_merges: 0.
num_chunk_splits: 491.
num_chunks_enlarged: 376.
num_purges: 0.
num_inconsistent_stats: 0.

CodeHeap 'non-profiled nmethods': size=120000Kb used=1025Kb max_used=1025Kb free=118974Kb
 bounds [0x000001bf113c0000, 0x000001bf11630000, 0x000001bf188f0000]
CodeHeap 'profiled nmethods': size=120000Kb used=4912Kb max_used=4912Kb free=115087Kb
 bounds [0x000001bf09e90000, 0x000001bf0a360000, 0x000001bf113c0000]
CodeHeap 'non-nmethods': size=5760Kb used=1423Kb max_used=1494Kb free=4336Kb
 bounds [0x000001bf098f0000, 0x000001bf09b60000, 0x000001bf09e90000]
 total_blobs=3450 nmethods=2668 adapters=694
 compilation: enabled
              stopped_count=0, restarted_count=0
 full_count=0

Compilation events (20 events):
Event: 9.442 Thread 0x000001bf200844d0 2659       3       com.sun.javafx.event.CompositeEventHandler::dispatchBubblingEvent (57 bytes)
Event: 9.443 Thread 0x000001bf200844d0 nmethod 2659 0x000001bf0a356b90 code [0x000001bf0a356d60, 0x000001bf0a3571d8]
Event: 9.457 Thread 0x000001bf200844d0 2660       3       java.util.concurrent.CopyOnWriteArrayList::isEmpty (13 bytes)
Event: 9.457 Thread 0x000001bf200844d0 nmethod 2660 0x000001bf0a357410 code [0x000001bf0a3575c0, 0x000001bf0a3577b8]
Event: 9.457 Thread 0x000001bf200844d0 2661       3       com.sun.javafx.event.BasicEventDispatcher::dispatchCapturingEvent (2 bytes)
Event: 9.457 Thread 0x000001bf200844d0 nmethod 2661 0x000001bf0a357890 code [0x000001bf0a357a20, 0x000001bf0a357b38]
Event: 9.515 Thread 0x000001bf200844d0 2662       3       com.sun.javafx.event.EventRedirector::redirectEvent (97 bytes)
Event: 9.516 Thread 0x000001bf200844d0 nmethod 2662 0x000001bf0a357c10 code [0x000001bf0a357e60, 0x000001bf0a358978]
Event: 9.521 Thread 0x000001bf200844d0 2663       3       javafx.scene.control.SkinBase$$Lambda$236/0x0000000800d9fdc8::handle (8 bytes)
Event: 9.522 Thread 0x000001bf200844d0 nmethod 2663 0x000001bf0a358c90 code [0x000001bf0a358e40, 0x000001bf0a359198]
Event: 9.522 Thread 0x000001bf200844d0 2664       3       javafx.scene.control.SkinBase::lambda$static$0 (5 bytes)
Event: 9.522 Thread 0x000001bf200844d0 nmethod 2664 0x000001bf0a359290 code [0x000001bf0a359420, 0x000001bf0a3595f8]
Event: 9.556 Thread 0x000001bf20083a30 2665       4       java.lang.ThreadLocal::get (38 bytes)
Event: 9.557 Thread 0x000001bf20083a30 nmethod 2665 0x000001bf114bfc10 code [0x000001bf114bfda0, 0x000001bf114bff18]
Event: 9.570 Thread 0x000001bf200844d0 2666       1       com.sun.javafx.stage.WindowEventDispatcher::getLastDispatcher (5 bytes)
Event: 9.570 Thread 0x000001bf200844d0 nmethod 2666 0x000001bf114c0110 code [0x000001bf114c02a0, 0x000001bf114c0378]
Event: 9.605 Thread 0x000001bf200844d0 2667       3       javafx.scene.Node::preprocessMouseEvent (114 bytes)
Event: 9.606 Thread 0x000001bf200844d0 nmethod 2667 0x000001bf0a359710 code [0x000001bf0a359ae0, 0x000001bf0a35bb48]
Event: 10.150 Thread 0x000001bf200844d0 2668       1       com.sun.javafx.scene.SceneEventDispatcher::getLastDispatcher (5 bytes)
Event: 10.150 Thread 0x000001bf200844d0 nmethod 2668 0x000001bf114c0410 code [0x000001bf114c05a0, 0x000001bf114c0678]

GC Heap History (4 events):
Event: 0.850 GC heap before
{Heap before GC invocations=0 (full 0):
 garbage-first heap   total 129024K, used 22528K [0x0000000083200000, 0x0000000100000000)
  region size 1024K, 23 young (23552K), 0 survivors (0K)
 Metaspace       used 4826K, committed 4992K, reserved 1056768K
  class space    used 559K, committed 640K, reserved 1048576K
}
Event: 0.871 GC heap after
{Heap after GC invocations=1 (full 0):
 garbage-first heap   total 129024K, used 2943K [0x0000000083200000, 0x0000000100000000)
  region size 1024K, 3 young (3072K), 3 survivors (3072K)
 Metaspace       used 4826K, committed 4992K, reserved 1056768K
  class space    used 559K, committed 640K, reserved 1048576K
}
Event: 1.631 GC heap before
{Heap before GC invocations=1 (full 0):
 garbage-first heap   total 129024K, used 35711K [0x0000000083200000, 0x0000000100000000)
  region size 1024K, 35 young (35840K), 3 survivors (3072K)
 Metaspace       used 13182K, committed 13440K, reserved 1064960K
  class space    used 1961K, committed 2112K, reserved 1048576K
}
Event: 1.637 GC heap after
{Heap after GC invocations=2 (full 0):
 garbage-first heap   total 129024K, used 7448K [0x0000000083200000, 0x0000000100000000)
  region size 1024K, 5 young (5120K), 5 survivors (5120K)
 Metaspace       used 13182K, committed 13440K, reserved 1064960K
  class space    used 1961K, committed 2112K, reserved 1048576K
}

Deoptimization events (20 events):
Event: 3.568 Thread 0x000001bf20cc2190 Uncommon trap: trap_request=0xffffffde fr.pc=0x000001bf11420b50 relative=0x00000000000006f0
Event: 3.568 Thread 0x000001bf20cc2190 Uncommon trap: reason=class_check action=maybe_recompile pc=0x000001bf11420b50 method=java.util.zip.InflaterInputStream.read([BII)I @ 100 c2
Event: 3.568 Thread 0x000001bf20cc2190 DEOPT PACKING pc=0x000001bf11420b50 sp=0x00000089e27f9330
Event: 3.568 Thread 0x000001bf20cc2190 DEOPT UNPACKING pc=0x000001bf099423a3 sp=0x00000089e27f9300 mode 2
Event: 3.568 Thread 0x000001bf20cc2190 Uncommon trap: trap_request=0xffffffde fr.pc=0x000001bf11420b50 relative=0x00000000000006f0
Event: 3.568 Thread 0x000001bf20cc2190 Uncommon trap: reason=class_check action=maybe_recompile pc=0x000001bf11420b50 method=java.util.zip.InflaterInputStream.read([BII)I @ 100 c2
Event: 3.568 Thread 0x000001bf20cc2190 DEOPT PACKING pc=0x000001bf11420b50 sp=0x00000089e27f9330
Event: 3.568 Thread 0x000001bf20cc2190 DEOPT UNPACKING pc=0x000001bf099423a3 sp=0x00000089e27f9300 mode 2
Event: 3.632 Thread 0x000001bf21593710 Uncommon trap: trap_request=0xffffff45 fr.pc=0x000001bf11462854 relative=0x0000000000000794
Event: 3.633 Thread 0x000001bf21593710 Uncommon trap: reason=unstable_if action=reinterpret pc=0x000001bf11462854 method=com.sun.marlin.MaskMarlinAlphaConsumer.setAndClearRelativeAlphas([I[IIII)V @ 414 c2
Event: 3.633 Thread 0x000001bf21593710 DEOPT PACKING pc=0x000001bf11462854 sp=0x00000089e2cfde10
Event: 3.633 Thread 0x000001bf21593710 DEOPT UNPACKING pc=0x000001bf099423a3 sp=0x00000089e2cfdd18 mode 2
Event: 3.636 Thread 0x000001bf21593710 DEOPT PACKING pc=0x000001bf0a1d61f7 sp=0x00000089e2cfe610
Event: 3.636 Thread 0x000001bf21593710 DEOPT UNPACKING pc=0x000001bf09942b43 sp=0x00000089e2cfda30 mode 0
Event: 4.677 Thread 0x000001bf21593710 DEOPT PACKING pc=0x000001bf0a2af99a sp=0x00000089e2cfddb0
Event: 4.677 Thread 0x000001bf21593710 DEOPT UNPACKING pc=0x000001bf09942b43 sp=0x00000089e2cfd208 mode 0
Event: 4.678 Thread 0x000001bf21593710 DEOPT PACKING pc=0x000001bf0a2af99a sp=0x00000089e2cfddb0
Event: 4.678 Thread 0x000001bf21593710 DEOPT UNPACKING pc=0x000001bf09942b43 sp=0x00000089e2cfd208 mode 0
Event: 5.420 Thread 0x000001bf21593710 DEOPT PACKING pc=0x000001bf0a1a5b42 sp=0x00000089e2cfe1d0
Event: 5.420 Thread 0x000001bf21593710 DEOPT UNPACKING pc=0x000001bf09942b43 sp=0x00000089e2cfd660 mode 0

Classes unloaded (0 events):
No events

Classes redefined (0 events):
No events

Internal exceptions (20 events):
Event: 1.012 Thread 0x000001bf20cc2190 Exception <a 'java/lang/ClassNotFoundException'{0x000000008a7d92e8}: com/sun/glass/ui/win/themes_en_GB> (0x000000008a7d92e8) 
thrown [t:\workspace\open\src\hotspot\share\prims\jni.cpp, line 535]
Event: 1.095 Thread 0x000001bf20cc2190 Exception <a 'java/lang/NoSuchMethodError'{0x000000008a2f0598}: 'void java.lang.invoke.DirectMethodHandle$Holder.invokeStaticInit(java.lang.Object, java.lang.Object)'> (0x000000008a2f0598) 
thrown [t:\workspace\open\src\hotspot\share\interpreter\linkResolver.cpp, line 766]
Event: 1.103 Thread 0x000001bf20cc2190 Exception <a 'java/lang/NoSuchMethodError'{0x000000008a175148}: 'void java.lang.invoke.DirectMethodHandle$Holder.invokeSpecial(java.lang.Object, java.lang.Object, java.lang.Object, java.lang.Object, java.lang.Object)'> (0x000000008a175148) 
thrown [t:\workspace\open\src\hotspot\share\interpreter\linkResolver.cpp, line 766]
Event: 1.154 Thread 0x000001bf20cc2190 Exception <a 'sun/nio/fs/WindowsException'{0x0000000089fa45e8}> (0x0000000089fa45e8) 
thrown [t:\workspace\open\src\hotspot\share\prims\jni.cpp, line 516]
Event: 1.213 Thread 0x000001bf20cc2190 Exception <a 'sun/nio/fs/WindowsException'{0x0000000089d78728}> (0x0000000089d78728) 
thrown [t:\workspace\open\src\hotspot\share\prims\jni.cpp, line 516]
Event: 1.263 Thread 0x000001bf20cc2190 Implicit null exception at 0x000001bf1142862c to 0x000001bf11428d00
Event: 1.273 Thread 0x000001bf20cc2190 Implicit null exception at 0x000001bf11424a8f to 0x000001bf11425070
Event: 1.274 Thread 0x000001bf20cc2190 Implicit null exception at 0x000001bf113e02af to 0x000001bf113e050c
Event: 1.457 Thread 0x000001bf20cc2190 Exception <a 'java/lang/ClassNotFoundException'{0x00000000894c0b10}: com/sun/javafx/scene/control/skin/resources/controls> (0x00000000894c0b10) 
thrown [t:\workspace\open\src\hotspot\share\prims\jni.cpp, line 535]
Event: 1.458 Thread 0x000001bf20cc2190 Exception <a 'java/lang/ClassNotFoundException'{0x00000000894ceab0}: com/sun/javafx/scene/control/skin/resources/controls_en> (0x00000000894ceab0) 
thrown [t:\workspace\open\src\hotspot\share\prims\jni.cpp, line 535]
Event: 1.458 Thread 0x000001bf20cc2190 Exception <a 'java/lang/ClassNotFoundException'{0x00000000894cfae0}: com/sun/javafx/scene/control/skin/resources/controls_en_GB> (0x00000000894cfae0) 
thrown [t:\workspace\open\src\hotspot\share\prims\jni.cpp, line 535]
Event: 1.506 Thread 0x000001bf20cc2190 Exception <a 'java/lang/NoSuchMethodError'{0x000000008928ef80}: 'void java.lang.invoke.DirectMethodHandle$Holder.invokeSpecial(java.lang.Object, java.lang.Object, java.lang.Object, java.lang.Object, java.lang.Object, java.lang.Object)'> (0x000000008928ef80) 
thrown [t:\workspace\open\src\hotspot\share\interpreter\linkResolver.cpp, line 766]
Event: 1.543 Thread 0x000001bf20cc2190 Exception <a 'java/lang/NoSuchMethodError'{0x0000000088f90128}: 'java.lang.Object java.lang.invoke.DirectMethodHandle$Holder.invokeInterface(java.lang.Object, java.lang.Object, java.lang.Object)'> (0x0000000088f90128) 
thrown [t:\workspace\open\src\hotspot\share\interpreter\linkResolver.cpp, line 766]
Event: 1.544 Thread 0x000001bf20cc2190 Exception <a 'java/lang/IncompatibleClassChangeError'{0x0000000088f937f0}: Found class java.lang.Object, but interface was expected> (0x0000000088f937f0) 
thrown [t:\workspace\open\src\hotspot\share\interpreter\linkResolver.cpp, line 833]
Event: 1.612 Thread 0x000001bf20cc2190 Exception <a 'java/lang/NoSuchMethodError'{0x0000000088d6e2d0}: 'java.lang.Object java.lang.invoke.DirectMethodHandle$Holder.newInvokeSpecial(java.lang.Object, java.lang.Object, int)'> (0x0000000088d6e2d0) 
thrown [t:\workspace\open\src\hotspot\share\interpreter\linkResolver.cpp, line 766]
Event: 1.653 Thread 0x000001bf21593710 Exception <a 'java/lang/NoSuchMethodError'{0x000000008ae10800}: 'int java.lang.invoke.DirectMethodHandle$Holder.invokeStaticInit(java.lang.Object, java.lang.Object)'> (0x000000008ae10800) 
thrown [t:\workspace\open\src\hotspot\share\interpreter\linkResolver.cpp, line 766]
Event: 1.656 Thread 0x000001bf20cc2190 Exception <a 'java/lang/NoSuchMethodError'{0x000000008afbb3f0}: 'long java.lang.invoke.DirectMethodHandle$Holder.invokeStatic(java.lang.Object, java.lang.Object, java.lang.Object)'> (0x000000008afbb3f0) 
thrown [t:\workspace\open\src\hotspot\share\interpreter\linkResolver.cpp, line 766]
Event: 1.657 Thread 0x000001bf20cc2190 Exception <a 'java/lang/NoSuchMethodError'{0x000000008afbeb98}: 'long java.lang.invoke.DirectMethodHandle$Holder.invokeStaticInit(java.lang.Object, java.lang.Object, java.lang.Object)'> (0x000000008afbeb98) 
thrown [t:\workspace\open\src\hotspot\share\interpreter\linkResolver.cpp, line 766]
Event: 1.662 Thread 0x000001bf20cc2190 Exception <a 'java/lang/NoSuchMethodError'{0x000000008afd67a0}: 'java.lang.Object java.lang.invoke.DirectMethodHandle$Holder.newInvokeSpecial(java.lang.Object, java.lang.Object, long)'> (0x000000008afd67a0) 
thrown [t:\workspace\open\src\hotspot\share\interpreter\linkResolver.cpp, line 766]
Event: 1.662 Thread 0x000001bf20cc2190 Exception <a 'java/lang/NoSuchMethodError'{0x000000008afda310}: 'java.lang.Object java.lang.invoke.Invokers$Holder.linkToTargetMethod(java.lang.Object, long, java.lang.Object)'> (0x000000008afda310) 
thrown [t:\workspace\open\src\hotspot\share\interpreter\linkResolver.cpp, line 766]

VM Operations (20 events):
Event: 1.318 Executing VM operation: ICBufferFull done
Event: 1.631 Executing VM operation: G1CollectForAllocation
Event: 1.637 Executing VM operation: G1CollectForAllocation done
Event: 2.638 Executing VM operation: Cleanup
Event: 2.638 Executing VM operation: Cleanup done
Event: 3.616 Executing VM operation: ICBufferFull
Event: 3.616 Executing VM operation: ICBufferFull done
Event: 5.616 Executing VM operation: Cleanup
Event: 5.616 Executing VM operation: Cleanup done
Event: 6.617 Executing VM operation: Cleanup
Event: 6.617 Executing VM operation: Cleanup done
Event: 8.619 Executing VM operation: Cleanup
Event: 8.619 Executing VM operation: Cleanup done
Event: 9.620 Executing VM operation: Cleanup
Event: 9.620 Executing VM operation: Cleanup done
Event: 10.621 Executing VM operation: Cleanup
Event: 10.621 Executing VM operation: Cleanup done
Event: 12.621 Executing VM operation: Cleanup
Event: 12.622 Executing VM operation: Cleanup done
Event: 46.253 Executing VM operation: Exit

Events (20 events):
Event: 3.591 loading class sun/text/resources/BreakIteratorResources done
Event: 3.591 loading class sun/text/resources/BreakIteratorResources_en
Event: 3.591 loading class sun/text/resources/BreakIteratorResources_en done
Event: 3.591 loading class sun/util/resources/Bundles$2
Event: 3.591 loading class sun/util/resources/Bundles$2 done
Event: 3.592 loading class sun/text/RuleBasedBreakIterator
Event: 3.592 loading class sun/text/RuleBasedBreakIterator done
Event: 3.593 loading class sun/text/CompactByteArray
Event: 3.593 loading class sun/text/CompactByteArray done
Event: 3.593 loading class sun/text/SupplementaryCharacterData
Event: 3.593 loading class sun/text/SupplementaryCharacterData done
Event: 3.594 loading class java/text/BreakIterator$BreakIteratorCache
Event: 3.594 loading class java/text/BreakIterator$BreakIteratorCache done
Event: 46.250 loading class jdk/internal/misc/Signal$1
Event: 46.251 loading class jdk/internal/misc/Signal$1 done
Event: 46.251 Thread 0x000001bf262ad2e0 Thread added: 0x000001bf262ad2e0
Event: 46.251 Thread 0x000001bf262abfa0 Thread added: 0x000001bf262abfa0
Event: 46.251 Thread 0x000001bf262abad0 Thread added: 0x000001bf262abad0
Event: 46.252 Thread 0x000001bf262abfa0 Thread exited: 0x000001bf262abfa0
Event: 46.252 Thread 0x000001bf262abad0 Thread exited: 0x000001bf262abad0


Dynamic libraries:
0x00007ff670e00000 - 0x00007ff670e0e000 	C:\Users\minhd\.jdks\openjdk-17.0.1\bin\java.exe
0x00007ffdf5d00000 - 0x00007ffdf5f0f000 	C:\WINDOWS\SYSTEM32\ntdll.dll
0x00007ffdf4f10000 - 0x00007ffdf4fcd000 	C:\WINDOWS\System32\KERNEL32.DLL
0x00007ffdf3180000 - 0x00007ffdf3514000 	C:\WINDOWS\System32\KERNELBASE.dll
0x00007ffdf0250000 - 0x00007ffdf02e3000 	C:\WINDOWS\SYSTEM32\apphelp.dll
0x00007ffdf38c0000 - 0x00007ffdf39d1000 	C:\WINDOWS\System32\ucrtbase.dll
0x00007ffdee920000 - 0x00007ffdee938000 	C:\Users\minhd\.jdks\openjdk-17.0.1\bin\jli.dll
0x00007ffdeafc0000 - 0x00007ffdeafda000 	C:\Users\minhd\.jdks\openjdk-17.0.1\bin\VCRUNTIME140.dll
0x00007ffdf4820000 - 0x00007ffdf49ca000 	C:\WINDOWS\System32\USER32.dll
0x00007ffdf3520000 - 0x00007ffdf3546000 	C:\WINDOWS\System32\win32u.dll
0x00007ffde5350000 - 0x00007ffde55f1000 	C:\WINDOWS\WinSxS\amd64_microsoft.windows.common-controls_6595b64144ccf1df_6.0.22543.1000_none_25f07d7fa9409c95\COMCTL32.dll
0x00007ffdf3b50000 - 0x00007ffdf3b79000 	C:\WINDOWS\System32\GDI32.dll
0x00007ffdf4b70000 - 0x00007ffdf4c14000 	C:\WINDOWS\System32\msvcrt.dll
0x00007ffdf37a0000 - 0x00007ffdf38b7000 	C:\WINDOWS\System32\gdi32full.dll
0x00007ffdf39e0000 - 0x00007ffdf3a7a000 	C:\WINDOWS\System32\msvcp_win.dll
0x00007ffdf5c10000 - 0x00007ffdf5c41000 	C:\WINDOWS\System32\IMM32.DLL
0x00007ffdee970000 - 0x00007ffdee97c000 	C:\Users\minhd\.jdks\openjdk-17.0.1\bin\vcruntime140_1.dll
0x00007ffd9fea0000 - 0x00007ffd9ff2d000 	C:\Users\minhd\.jdks\openjdk-17.0.1\bin\msvcp140.dll
0x00007ffd7b1b0000 - 0x00007ffd7bd6e000 	C:\Users\minhd\.jdks\openjdk-17.0.1\bin\server\jvm.dll
0x00007ffdf5370000 - 0x00007ffdf541e000 	C:\WINDOWS\System32\ADVAPI32.dll
0x00007ffdf59b0000 - 0x00007ffdf5a55000 	C:\WINDOWS\System32\sechost.dll
0x00007ffdf4de0000 - 0x00007ffdf4eff000 	C:\WINDOWS\System32\RPCRT4.dll
0x00007ffdf51d0000 - 0x00007ffdf51d8000 	C:\WINDOWS\System32\PSAPI.DLL
0x00007ffddb850000 - 0x00007ffddb859000 	C:\WINDOWS\SYSTEM32\WSOCK32.dll
0x00007ffdeaf80000 - 0x00007ffdeafb4000 	C:\WINDOWS\SYSTEM32\WINMM.dll
0x00007ffde5280000 - 0x00007ffde528a000 	C:\WINDOWS\SYSTEM32\VERSION.dll
0x00007ffdf5050000 - 0x00007ffdf50c1000 	C:\WINDOWS\System32\WS2_32.dll
0x00007ffdf22c0000 - 0x00007ffdf22d7000 	C:\WINDOWS\SYSTEM32\kernel.appcore.dll
0x00007ffdeb670000 - 0x00007ffdeb67a000 	C:\Users\minhd\.jdks\openjdk-17.0.1\bin\jimage.dll
0x00007ffdf03c0000 - 0x00007ffdf05e4000 	C:\WINDOWS\SYSTEM32\DBGHELP.DLL
0x00007ffdf3b80000 - 0x00007ffdf3ef1000 	C:\WINDOWS\System32\combase.dll
0x00007ffdf5a60000 - 0x00007ffdf5b37000 	C:\WINDOWS\System32\OLEAUT32.dll
0x00007ffddfb10000 - 0x00007ffddfb41000 	C:\WINDOWS\SYSTEM32\dbgcore.DLL
0x00007ffdf3550000 - 0x00007ffdf35cb000 	C:\WINDOWS\System32\bcryptPrimitives.dll
0x00007ffdeb630000 - 0x00007ffdeb63e000 	C:\Users\minhd\.jdks\openjdk-17.0.1\bin\instrument.dll
0x00007ffde4a30000 - 0x00007ffde4a55000 	C:\Users\minhd\.jdks\openjdk-17.0.1\bin\java.dll
0x00007ffd9fa10000 - 0x00007ffd9fae6000 	C:\Users\minhd\.jdks\openjdk-17.0.1\bin\svml.dll
0x00007ffdf3ff0000 - 0x00007ffdf47ad000 	C:\WINDOWS\System32\SHELL32.dll
0x00007ffdf11f0000 - 0x00007ffdf1a49000 	C:\WINDOWS\SYSTEM32\windows.storage.dll
0x00007ffdf10b0000 - 0x00007ffdf11ec000 	C:\WINDOWS\SYSTEM32\wintypes.dll
0x00007ffdf50d0000 - 0x00007ffdf51c1000 	C:\WINDOWS\System32\SHCORE.dll
0x00007ffdf47b0000 - 0x00007ffdf480b000 	C:\WINDOWS\System32\shlwapi.dll
0x00007ffdf30b0000 - 0x00007ffdf30d1000 	C:\WINDOWS\SYSTEM32\profapi.dll
0x00007ffde4a10000 - 0x00007ffde4a29000 	C:\Users\minhd\.jdks\openjdk-17.0.1\bin\net.dll
0x00007ffded040000 - 0x00007ffded151000 	C:\WINDOWS\SYSTEM32\WINHTTP.dll
0x00007ffdf2770000 - 0x00007ffdf27d9000 	C:\WINDOWS\system32\mswsock.dll
0x00007ffde49d0000 - 0x00007ffde49e5000 	C:\Users\minhd\.jdks\openjdk-17.0.1\bin\nio.dll
0x00007ffdda300000 - 0x00007ffdda318000 	C:\Users\minhd\.jdks\openjdk-17.0.1\bin\zip.dll
0x00007ffdd90f0000 - 0x00007ffdd910a000 	C:\Program Files\JetBrains\IntelliJ IDEA Community Edition 2021.3.1\bin\breakgen64.dll
0x000001bf000f0000 - 0x000001bf000f3000 	C:\Users\minhd\.openjfx\cache\17.0.1\api-ms-win-core-console-l1-1-0.dll
0x000001bf00100000 - 0x000001bf00103000 	C:\Users\minhd\.openjfx\cache\17.0.1\api-ms-win-core-console-l1-2-0.dll
0x000001bf00110000 - 0x000001bf00113000 	C:\Users\minhd\.openjfx\cache\17.0.1\api-ms-win-core-datetime-l1-1-0.dll
0x000001bf02090000 - 0x000001bf02093000 	C:\Users\minhd\.openjfx\cache\17.0.1\api-ms-win-core-debug-l1-1-0.dll
0x000001bf020a0000 - 0x000001bf020a3000 	C:\Users\minhd\.openjfx\cache\17.0.1\api-ms-win-core-errorhandling-l1-1-0.dll
0x000001bf020b0000 - 0x000001bf020b4000 	C:\Users\minhd\.openjfx\cache\17.0.1\api-ms-win-core-file-l1-1-0.dll
0x000001bf020c0000 - 0x000001bf020c3000 	C:\Users\minhd\.openjfx\cache\17.0.1\api-ms-win-core-file-l1-2-0.dll
0x000001bf20200000 - 0x000001bf20203000 	C:\Users\minhd\.openjfx\cache\17.0.1\api-ms-win-core-file-l2-1-0.dll
0x000001bf20210000 - 0x000001bf20213000 	C:\Users\minhd\.openjfx\cache\17.0.1\api-ms-win-core-handle-l1-1-0.dll
0x000001bf20220000 - 0x000001bf20223000 	C:\Users\minhd\.openjfx\cache\17.0.1\api-ms-win-core-heap-l1-1-0.dll
0x000001bf20230000 - 0x000001bf20233000 	C:\Users\minhd\.openjfx\cache\17.0.1\api-ms-win-core-interlocked-l1-1-0.dll
0x000001bf20240000 - 0x000001bf20243000 	C:\Users\minhd\.openjfx\cache\17.0.1\api-ms-win-core-libraryloader-l1-1-0.dll
0x000001bf20250000 - 0x000001bf20253000 	C:\Users\minhd\.openjfx\cache\17.0.1\api-ms-win-core-localization-l1-2-0.dll
0x000001bf20260000 - 0x000001bf20263000 	C:\Users\minhd\.openjfx\cache\17.0.1\api-ms-win-core-memory-l1-1-0.dll
0x000001bf20270000 - 0x000001bf20273000 	C:\Users\minhd\.openjfx\cache\17.0.1\api-ms-win-core-namedpipe-l1-1-0.dll
0x000001bf20280000 - 0x000001bf20283000 	C:\Users\minhd\.openjfx\cache\17.0.1\api-ms-win-core-processenvironment-l1-1-0.dll
0x000001bf20290000 - 0x000001bf20293000 	C:\Users\minhd\.openjfx\cache\17.0.1\api-ms-win-core-processthreads-l1-1-0.dll
0x000001bf202a0000 - 0x000001bf202a3000 	C:\Users\minhd\.openjfx\cache\17.0.1\api-ms-win-core-processthreads-l1-1-1.dll
0x000001bf202b0000 - 0x000001bf202b3000 	C:\Users\minhd\.openjfx\cache\17.0.1\api-ms-win-core-profile-l1-1-0.dll
0x000001bf202c0000 - 0x000001bf202c3000 	C:\Users\minhd\.openjfx\cache\17.0.1\api-ms-win-core-rtlsupport-l1-1-0.dll
0x000001bf202d0000 - 0x000001bf202d3000 	C:\Users\minhd\.openjfx\cache\17.0.1\api-ms-win-core-string-l1-1-0.dll
0x000001bf202e0000 - 0x000001bf202e3000 	C:\Users\minhd\.openjfx\cache\17.0.1\api-ms-win-core-synch-l1-1-0.dll
0x000001bf202f0000 - 0x000001bf202f3000 	C:\Users\minhd\.openjfx\cache\17.0.1\api-ms-win-core-synch-l1-2-0.dll
0x000001bf20300000 - 0x000001bf20303000 	C:\Users\minhd\.openjfx\cache\17.0.1\api-ms-win-core-sysinfo-l1-1-0.dll
0x000001bf20310000 - 0x000001bf20313000 	C:\Users\minhd\.openjfx\cache\17.0.1\api-ms-win-core-timezone-l1-1-0.dll
0x000001bf20320000 - 0x000001bf20323000 	C:\Users\minhd\.openjfx\cache\17.0.1\api-ms-win-core-util-l1-1-0.dll
0x000001bf20330000 - 0x000001bf20333000 	C:\Users\minhd\.openjfx\cache\17.0.1\api-ms-win-crt-conio-l1-1-0.dll
0x000001bf20340000 - 0x000001bf20344000 	C:\Users\minhd\.openjfx\cache\17.0.1\api-ms-win-crt-convert-l1-1-0.dll
0x000001bf20350000 - 0x000001bf20353000 	C:\Users\minhd\.openjfx\cache\17.0.1\api-ms-win-crt-environment-l1-1-0.dll
0x000001bf20360000 - 0x000001bf20363000 	C:\Users\minhd\.openjfx\cache\17.0.1\api-ms-win-crt-filesystem-l1-1-0.dll
0x000001bf20370000 - 0x000001bf20373000 	C:\Users\minhd\.openjfx\cache\17.0.1\api-ms-win-crt-heap-l1-1-0.dll
0x000001bf20380000 - 0x000001bf20383000 	C:\Users\minhd\.openjfx\cache\17.0.1\api-ms-win-crt-locale-l1-1-0.dll
0x000001bf20390000 - 0x000001bf20395000 	C:\Users\minhd\.openjfx\cache\17.0.1\api-ms-win-crt-math-l1-1-0.dll
0x000001bf203a0000 - 0x000001bf203a5000 	C:\Users\minhd\.openjfx\cache\17.0.1\api-ms-win-crt-multibyte-l1-1-0.dll
0x000001bf203b0000 - 0x000001bf203c0000 	C:\Users\minhd\.openjfx\cache\17.0.1\api-ms-win-crt-private-l1-1-0.dll
0x000001bf203c0000 - 0x000001bf203c3000 	C:\Users\minhd\.openjfx\cache\17.0.1\api-ms-win-crt-process-l1-1-0.dll
0x000001bf203d0000 - 0x000001bf203d4000 	C:\Users\minhd\.openjfx\cache\17.0.1\api-ms-win-crt-runtime-l1-1-0.dll
0x000001bf203e0000 - 0x000001bf203e4000 	C:\Users\minhd\.openjfx\cache\17.0.1\api-ms-win-crt-stdio-l1-1-0.dll
0x000001bf203f0000 - 0x000001bf203f4000 	C:\Users\minhd\.openjfx\cache\17.0.1\api-ms-win-crt-string-l1-1-0.dll
0x000001bf21800000 - 0x000001bf21803000 	C:\Users\minhd\.openjfx\cache\17.0.1\api-ms-win-crt-time-l1-1-0.dll
0x000001bf21810000 - 0x000001bf21813000 	C:\Users\minhd\.openjfx\cache\17.0.1\api-ms-win-crt-utility-l1-1-0.dll
0x00007ffd9f910000 - 0x00007ffd9fa0c000 	C:\Users\minhd\.openjfx\cache\17.0.1\ucrtbase.dll
0x00007ffdd90d0000 - 0x00007ffdd90ea000 	C:\Users\minhd\.openjfx\cache\17.0.1\vcruntime140.dll
0x00007ffddb360000 - 0x00007ffddb36c000 	C:\Users\minhd\.openjfx\cache\17.0.1\vcruntime140_1.dll
0x00007ffd9f880000 - 0x00007ffd9f90d000 	C:\Users\minhd\.openjfx\cache\17.0.1\msvcp140.dll
0x00007ffdbad20000 - 0x00007ffdbad4a000 	C:\Users\minhd\.openjfx\cache\17.0.1\prism_d3d.dll
0x00007ffddef80000 - 0x00007ffddf126000 	C:\WINDOWS\system32\d3d9.dll
0x00007ffdf09a0000 - 0x00007ffdf09cb000 	C:\WINDOWS\SYSTEM32\dwmapi.dll
0x00007ffdf0a10000 - 0x00007ffdf0a48000 	C:\WINDOWS\SYSTEM32\dxcore.dll
0x00007ffdf0720000 - 0x00007ffdf07cc000 	C:\WINDOWS\system32\uxtheme.dll
0x00007ffd94570000 - 0x00007ffd946d5000 	C:\Windows\System32\DriverStore\FileRepository\iigd_dch.inf_amd64_84377077446949ca\igdumdim64.dll
0x00007ffdf49d0000 - 0x00007ffdf4b68000 	C:\WINDOWS\System32\ole32.dll
0x00007ffd5f3f0000 - 0x00007ffd63046000 	C:\Windows\System32\DriverStore\FileRepository\iigd_dch.inf_amd64_84377077446949ca\igd9dxva64.dll
0x00007ffdf54a0000 - 0x00007ffdf5913000 	C:\WINDOWS\System32\SETUPAPI.dll
0x00007ffdf2e70000 - 0x00007ffdf2ebe000 	C:\WINDOWS\SYSTEM32\cfgmgr32.dll
0x00007ffde5bb0000 - 0x00007ffde5f71000 	C:\Windows\System32\DriverStore\FileRepository\iigd_dch.inf_amd64_84377077446949ca\igdgmm64.dll
0x00007ffdecf80000 - 0x00007ffdecfc5000 	C:\WINDOWS\SYSTEM32\directxdatabasehelper.dll
0x00007ffdaf380000 - 0x00007ffdaf3c2000 	C:\Users\minhd\.openjfx\cache\17.0.1\glass.dll
0x00007ffdf3f00000 - 0x00007ffdf3fe8000 	C:\WINDOWS\System32\COMDLG32.dll
0x00007ffdf51e0000 - 0x00007ffdf530d000 	C:\WINDOWS\System32\MSCTF.dll
0x00007ffddafe0000 - 0x00007ffddb007000 	C:\Windows\System32\DriverStore\FileRepository\iigd_dch.inf_amd64_84377077446949ca\igdinfo64.dll
0x00007ffddfdd0000 - 0x00007ffde2fd6000 	C:\Windows\System32\DriverStore\FileRepository\iigd_dch.inf_amd64_84377077446949ca\igc64.dll
0x00007ffdd1d70000 - 0x00007ffdd1d84000 	C:\Users\minhd\.openjfx\cache\17.0.1\javafx_font.dll
0x00007ffdef680000 - 0x00007ffdef8e6000 	C:\WINDOWS\SYSTEM32\dwrite.dll
0x00007ffdf5b60000 - 0x00007ffdf5c0f000 	C:\WINDOWS\System32\clbcatq.dll
0x00007ffdebc20000 - 0x00007ffdebdce000 	C:\WINDOWS\SYSTEM32\WindowsCodecs.dll
0x00007ffdd1950000 - 0x00007ffdd19ad000 	C:\WINDOWS\system32\dataexchange.dll
0x00007ffde79f0000 - 0x00007ffde7c55000 	C:\WINDOWS\system32\twinapi.appcore.dll
0x00007ffdb43e0000 - 0x00007ffdb4412000 	C:\Program Files\Common Files\Microsoft Shared\Ink\rtscom.dll
0x00007ffdeafe0000 - 0x00007ffdeb10b000 	C:\WINDOWS\SYSTEM32\textinputframework.dll
0x00007ffdeff50000 - 0x00007ffdf0089000 	C:\WINDOWS\SYSTEM32\CoreMessaging.dll
0x00007ffdec960000 - 0x00007ffdecccb000 	C:\WINDOWS\SYSTEM32\CoreUIComponents.dll
0x00007ffdf29e0000 - 0x00007ffdf29ec000 	C:\WINDOWS\SYSTEM32\CRYPTBASE.DLL
0x00007ffdcc210000 - 0x00007ffdcc279000 	C:\WINDOWS\system32\Oleacc.dll

dbghelp: loaded successfully - version: 4.0.5 - missing functions: none
symbol engine: initialized successfully - sym options: 0x614 - pdb path: .;C:\Users\minhd\.jdks\openjdk-17.0.1\bin;C:\WINDOWS\SYSTEM32;C:\WINDOWS\WinSxS\amd64_microsoft.windows.common-controls_6595b64144ccf1df_6.0.22543.1000_none_25f07d7fa9409c95;C:\Users\minhd\.jdks\openjdk-17.0.1\bin\server;C:\Program Files\JetBrains\IntelliJ IDEA Community Edition 2021.3.1\bin;C:\Users\minhd\.openjfx\cache\17.0.1;C:\Windows\System32\DriverStore\FileRepository\iigd_dch.inf_amd64_84377077446949ca;C:\Program Files\Common Files\Microsoft Shared\Ink

VM Arguments:
jvm_args: -javaagent:C:\Program Files\JetBrains\IntelliJ IDEA Community Edition 2021.3.1\lib\idea_rt.jar=63245:C:\Program Files\JetBrains\IntelliJ IDEA Community Edition 2021.3.1\bin -Dfile.encoding=UTF-8 --module-path=C:\Users\minhd\.m2\repository\com\fasterxml\jackson\datatype\jackson-datatype-jsr310\2.13.1\jackson-datatype-jsr310-2.13.1.jar;C:\Users\minhd\.m2\repository\org\openjfx\javafx-controls\17.0.1\javafx-controls-17.0.1-win.jar;C:\Users\minhd\IdeaProjects\todo\target\classes;C:\Users\minhd\.m2\repository\com\fasterxml\jackson\core\jackson-databind\2.13.0\jackson-databind-2.13.0.jar;C:\Users\minhd\.m2\repository\org\openjfx\javafx-base\17.0.1\javafx-base-17.0.1-win.jar;C:\Users\minhd\.m2\repository\org\openjfx\javafx-fxml\17.0.1\javafx-fxml-17.0.1-win.jar;C:\Users\minhd\.m2\repository\com\fasterxml\jackson\core\jackson-annotations\2.13.1\jackson-annotations-2.13.1.jar;C:\Users\minhd\.m2\repository\org\openjfx\javafx-graphics\17.0.1\javafx-graphics-17.0.1-win.jar;C:\Users\minhd\.m2\repository\com\fasterxml\jackson\core\jackson-core\2.13.1\jackson-core-2.13.1.jar -Djdk.module.main=com.example.todo 
java_command: com.example.todo/com.example.todo.Main
java_class_path (initial): D:\study\FRA\Java\javaFX\http-client\httpclient-4.5.13.jar;C:\Users\minhd\.m2\repository\com\googlecode\json-simple\json-simple\1.1.1\json-simple-1.1.1.jar;C:\Users\minhd\.m2\repository\junit\junit\4.10\junit-4.10.jar;C:\Users\minhd\.m2\repository\org\hamcrest\hamcrest-core\1.1\hamcrest-core-1.1.jar;C:\Users\minhd\.m2\repository\org\openjfx\javafx-controls\17.0.1\javafx-controls-17.0.1.jar;C:\Users\minhd\.m2\repository\org\openjfx\javafx-graphics\17.0.1\javafx-graphics-17.0.1.jar;C:\Users\minhd\.m2\repository\org\openjfx\javafx-base\17.0.1\javafx-base-17.0.1.jar;C:\Users\minhd\.m2\repository\org\openjfx\javafx-fxml\17.0.1\javafx-fxml-17.0.1.jar;C:\Users\minhd\.m2\repository\org\controlsfx\controlsfx\11.1.0\controlsfx-11.1.0.jar;C:\Users\minhd\.m2\repository\com\dlsc\formsfx\formsfx-core\11.3.2\formsfx-core-11.3.2.jar;C:\Users\minhd\.m2\repository\org\kordamp\bootstrapfx\bootstrapfx-core\0.4.0\bootstrapfx-core-0.4.0.jar;C:\Users\minhd\.m2\repository\mysql\mysql-connector-java\8.0.27\mysql-connector-java-8.0.27.jar;C:\Users\minhd\.m2\repository\com\google\protobuf\protobuf-java\3.11.4\protobuf-java-3.11.4.jar;C:\Users\minhd\.m2\repository\org\codehaus\httpcache4j\uribuilder\uribuilder\2.0.0\uribuilder-2.0.0.jar
Launcher Type: SUN_STANDARD

[Global flags]
     intx CICompilerCount                          = 4                                         {product} {ergonomic}
     uint ConcGCThreads                            = 2                                         {product} {ergonomic}
     uint G1ConcRefinementThreads                  = 8                                         {product} {ergonomic}
   size_t G1HeapRegionSize                         = 1048576                                   {product} {ergonomic}
    uintx GCDrainStackTargetSize                   = 64                                        {product} {ergonomic}
   size_t InitialHeapSize                          = 132120576                                 {product} {ergonomic}
   size_t MarkStackSize                            = 4194304                                   {product} {ergonomic}
   size_t MaxHeapSize                              = 2095054848                                {product} {ergonomic}
   size_t MaxNewSize                               = 1256194048                                {product} {ergonomic}
   size_t MinHeapDeltaBytes                        = 1048576                                   {product} {ergonomic}
   size_t MinHeapSize                              = 8388608                                   {product} {ergonomic}
    uintx NonNMethodCodeHeapSize                   = 5839372                                {pd product} {ergonomic}
    uintx NonProfiledCodeHeapSize                  = 122909434                              {pd product} {ergonomic}
    uintx ProfiledCodeHeapSize                     = 122909434                              {pd product} {ergonomic}
    uintx ReservedCodeCacheSize                    = 251658240                              {pd product} {ergonomic}
     bool SegmentedCodeCache                       = true                                      {product} {ergonomic}
   size_t SoftMaxHeapSize                          = 2095054848                             {manageable} {ergonomic}
     bool UseCompressedClassPointers               = true                           {product lp64_product} {ergonomic}
     bool UseCompressedOops                        = true                           {product lp64_product} {ergonomic}
     bool UseG1GC                                  = true                                      {product} {ergonomic}
     bool UseLargePagesIndividualAllocation        = false                                  {pd product} {ergonomic}

Logging:
Log output configuration:
 #0: stdout all=off uptime,level,tags
 #1: stderr all=off uptime,level,tags

Environment Variables:
JAVA_HOME=C:\Users\minhd\AppData\Local\Programs\Eclipse Adoptium\jdk-11.0.13.8-hotspot\
PATH=C:\Windows\system32;C:\Windows;C:\Windows\System32\Wbem;C:\Windows\System32\WindowsPowerShell\v1.0\;C:\Windows\System32\OpenSSH\;C:\Program Files (x86)\NVIDIA Corporation\PhysX\Common;C:\Program Files\NVIDIA Corporation\NVIDIA NvDLISR;C:\WINDOWS\system32;C:\WINDOWS;C:\WINDOWS\System32\Wbem;C:\WINDOWS\System32\WindowsPowerShell\v1.0\;C:\WINDOWS\System32\OpenSSH\;C:\Program Files (x86)\Dev-Cpp\MinGW64\bin;D:\program\matlab\runtime\win64;D:\program\matlab\bin;D:\program\matlab\polyspace\bin;C:\Android;C:\Program Files\Git\cmd;C:\Program Files\nodejs\;C:\Program Files\dotnet\;C:\Users\minhd\AppData\Local\Programs\Eclipse Adoptium\jdk-11.0.13.8-hotspot\bin;C:\Users\minhd\AppData\Local\Microsoft\WindowsApps;D:\program\web project\PyCharm 2020.3.3\bin;;C:\Users\minhd\AppData\Roaming\npm;;C:\Program Files\JetBrains\IntelliJ IDEA Community Edition 2021.3.1\bin;;C:\Users\minhd\AppData\Local\Programs\Microsoft VS Code\bin;C:\Users\minhd\AppData\Local\Programs\oh-my-posh\bin;C:\Users\minhd\AppData\Local\Programs\oh-my-posh\themes
USERNAME=duck
OS=Windows_NT
PROCESSOR_IDENTIFIER=Intel64 Family 6 Model 142 Stepping 12, GenuineIntel



---------------  S Y S T E M  ---------------

OS:
 Windows 10 , 64 bit Build 22543 (10.0.22543.1000)
OS uptime: 3 days 15:02 hours
Hyper-V role detected

CPU: total 8 (initial active 8) (4 cores per cpu, 2 threads per core) family 6 model 142 stepping 12 microcode 0xde, cx8, cmov, fxsr, ht, mmx, 3dnowpref, sse, sse2, sse3, ssse3, sse4.1, sse4.2, popcnt, lzcnt, tsc, tscinvbit, avx, avx2, aes, erms, clmul, bmi1, bmi2, adx, fma, vzeroupper, clflush, clflushopt, hv

Memory: 4k page, system-wide physical 7990M (705M free)
TotalPageFile size 18685M (AvailPageFile size 2082M)
current process WorkingSet (physical memory assigned to process): 153M, peak: 174M
current process commit charge ("private bytes"): 271M, peak: 294M

vm_info: OpenJDK 64-Bit Server VM (17.0.1+12-39) for windows-amd64 JRE (17.0.1+12-39), built on Sep 27 2021 18:39:29 by "mach5one" with MS VC++ 16.8 (VS2019)

END.
