#
# A fatal error has been detected by the Java Runtime Environment:
#
#  EXCEPTION_ACCESS_VIOLATION (0xc0000005) at pc=0x00007ffdaf3a6a87, pid=17436, tid=6428
#
# JRE version: OpenJDK Runtime Environment (17.0.1+12) (build 17.0.1+12-39)
# Java VM: OpenJDK 64-Bit Server VM (17.0.1+12-39, mixed mode, sharing, tiered, compressed oops, compressed class ptrs, g1 gc, windows-amd64)
# Problematic frame:
# C  [glass.dll+0x26a87]
#
# No core dump will be written. Minidumps are not enabled by default on client versions of Windows
#
# If you would like to submit a bug report, please visit:
#   https://bugreport.java.com/bugreport/crash.jsp
#

---------------  S U M M A R Y ------------

Command Line: -javaagent:C:\Program Files\JetBrains\IntelliJ IDEA Community Edition 2021.3.1\lib\idea_rt.jar=63306:C:\Program Files\JetBrains\IntelliJ IDEA Community Edition 2021.3.1\bin -Dfile.encoding=UTF-8 --module-path=C:\Users\minhd\.m2\repository\com\fasterxml\jackson\datatype\jackson-datatype-jsr310\2.13.1\jackson-datatype-jsr310-2.13.1.jar;C:\Users\minhd\.m2\repository\org\openjfx\javafx-controls\17.0.1\javafx-controls-17.0.1-win.jar;C:\Users\minhd\IdeaProjects\todo\target\classes;C:\Users\minhd\.m2\repository\com\fasterxml\jackson\core\jackson-databind\2.13.0\jackson-databind-2.13.0.jar;C:\Users\minhd\.m2\repository\org\openjfx\javafx-base\17.0.1\javafx-base-17.0.1-win.jar;C:\Users\minhd\.m2\repository\org\openjfx\javafx-fxml\17.0.1\javafx-fxml-17.0.1-win.jar;C:\Users\minhd\.m2\repository\com\fasterxml\jackson\core\jackson-annotations\2.13.1\jackson-annotations-2.13.1.jar;C:\Users\minhd\.m2\repository\org\openjfx\javafx-graphics\17.0.1\javafx-graphics-17.0.1-win.jar;C:\Users\minhd\.m2\repository\com\fasterxml\jackson\core\jackson-core\2.13.1\jackson-core-2.13.1.jar -Djdk.module.main=com.example.todo com.example.todo/com.example.todo.Main

Host: Intel(R) Core(TM) i5-10210U CPU @ 1.60GHz, 8 cores, 7G,  Windows 10 , 64 bit Build 22543 (10.0.22543.1000)
Time: Wed Feb  9 22:06:06 2022 W. Europe Standard Time elapsed time: 452.640301 seconds (0d 0h 7m 32s)

---------------  T H R E A D  ---------------

Current thread (0x000001d8b8b8a850):  VMThread "VM Thread" [stack: 0x00000024dca00000,0x00000024dcb00000] [id=6428]

Stack: [0x00000024dca00000,0x00000024dcb00000],  sp=0x00000024dcafefe0,  free space=1019k
Native frames: (J=compiled Java code, j=interpreted, Vv=VM code, C=native code)
C  [glass.dll+0x26a87]


siginfo: EXCEPTION_ACCESS_VIOLATION (0xc0000005), reading address 0x0000000000000000


Register to memory mapping:

RIP=0x00007ffdaf3a6a87 glass.dll
RAX=0x0 is NULL
RBX=0x000001d8b8b9e0b0 is a global jni handle
RCX=0x000001d8b8b8a850 points into unknown readable memory: 0x00007ffd7bb2c5c0 | c0 c5 b2 7b fd 7f 00 00
RDX=0x00000024dcafefe0 points into unknown readable memory: 0x0000000000000000 | 00 00 00 00 00 00 00 00
RSP=0x00000024dcafefe0 points into unknown readable memory: 0x0000000000000000 | 00 00 00 00 00 00 00 00
RBP=0x000001d8ba027c78 points into unknown readable memory: 0x0000e210d7b543f0 | f0 43 b5 d7 10 e2 00 00
RSI=0x00000024dcaff0e8 points into unknown readable memory: 0x00000024dcaff0d0 | d0 f0 af dc 24 00 00 00
RDI=0x000001d8ba027c50 points into unknown readable memory: 0x3e6ce210a848ecca | ca ec 48 a8 10 e2 6c 3e
R8 =0x0000000000010002 is an unknown value
R9 =0x000001d8ba027c50 points into unknown readable memory: 0x3e6ce210a848ecca | ca ec 48 a8 10 e2 6c 3e
R10=0x85f13e9656da4870 is an unknown value
R11=0x00000024dcafef70 points into unknown readable memory: 0x000001d8ba027c50 | 50 7c 02 ba d8 01 00 00
R12=0x00007ffdaf3a4354 glass.dll
R13=0x00007ffd7bcd2940 jvm.dll
R14=0x0000e210d7b543f0 is an unknown value
R15=0x000001d8ba027c50 points into unknown readable memory: 0x3e6ce210a848ecca | ca ec 48 a8 10 e2 6c 3e


Registers:
RAX=0x0000000000000000, RBX=0x000001d8b8b9e0b0, RCX=0x000001d8b8b8a850, RDX=0x00000024dcafefe0
RSP=0x00000024dcafefe0, RBP=0x000001d8ba027c78, RSI=0x00000024dcaff0e8, RDI=0x000001d8ba027c50
R8 =0x0000000000010002, R9 =0x000001d8ba027c50, R10=0x85f13e9656da4870, R11=0x00000024dcafef70
R12=0x00007ffdaf3a4354, R13=0x00007ffd7bcd2940, R14=0x0000e210d7b543f0, R15=0x000001d8ba027c50
RIP=0x00007ffdaf3a6a87, EFLAGS=0x0000000000010206

Top of Stack: (sp=0x00000024dcafefe0)
0x00000024dcafefe0:   0000000000000000 00000024dcaff0e8
0x00000024dcafeff0:   00007ffd7bcd2940 00007ffdaf3a4354
0x00000024dcaff000:   000001d8ba027c58 00007ffdf3913973
0x00000024dcaff010:   000001d8ba027c50 000001d800000000
0x00000024dcaff020:   000001d8ba027c78 00000024dcaff0e8
0x00000024dcaff030:   fffffffffffffffe 0000000000000000
0x00000024dcaff040:   0000000000000001 00007ffdaf380000
0x00000024dcaff050:   00000024dcaff0d8 00007ffdf38e0022
0x00000024dcaff060:   0000000000000000 00000024dcaff0e8
0x00000024dcaff070:   00000024dcaff3d0 0000000000000001
0x00000024dcaff080:   0000000000000001 00007ffdf38dffdd
0x00000024dcaff090:   0000000000000000 00007ffdaf3a3b4d
0x00000024dcaff0a0:   0000000000000000 00000024dcaff0d8
0x00000024dcaff0b0:   fffffffffffffffe 00000024dcaff300
0x00000024dcaff0c0:   0000000000000000 00007ffdaf3a41e1
0x00000024dcaff0d0:   00007ffdaf3ba138 00007ffd00000002 

Instructions: (pc=0x00007ffdaf3a6a87)
0x00007ffdaf3a6987:   8b 4d 58 e8 01 cf ff ff 48 8b 4d 60 e8 f8 ce ff
0x00007ffdaf3a6997:   ff 48 8b 95 80 00 00 00 48 8b 8d 18 01 00 00 e8
0x00007ffdaf3a69a7:   c6 c3 ff ff 33 d2 33 c9 e8 3c e1 ff ff 90 48 89
0x00007ffdaf3a69b7:   54 24 10 55 48 83 ec 20 48 8b ea 48 b8 00 00 00
0x00007ffdaf3a69c7:   00 00 00 00 00 48 83 c4 20 5d c3 cc 40 55 48 8b
0x00007ffdaf3a69d7:   ea 48 8b 01 33 c9 81 38 05 00 00 c0 0f 94 c1 8b
0x00007ffdaf3a69e7:   c1 5d c3 cc 40 55 48 83 ec 20 48 8b ea 8a 4d 40
0x00007ffdaf3a69f7:   48 83 c4 20 5d e9 f7 d2 ff ff cc 40 55 48 83 ec
0x00007ffdaf3a6a07:   20 48 8b ea 8a 4d 20 e8 e5 d2 ff ff 90 48 83 c4
0x00007ffdaf3a6a17:   20 5d c3 cc 40 55 48 83 ec 20 48 8b ea 48 83 c4
0x00007ffdaf3a6a27:   20 5d e9 46 d1 ff ff cc 40 55 48 83 ec 30 48 8b
0x00007ffdaf3a6a37:   ea 48 8b 01 8b 10 48 89 4c 24 28 89 54 24 20 4c
0x00007ffdaf3a6a47:   8d 0d e7 d5 ff ff 4c 8b 45 70 8b 55 68 48 8b 4d
0x00007ffdaf3a6a57:   60 e8 87 d0 ff ff 90 48 83 c4 30 5d c3 cc cc cc
0x00007ffdaf3a6a67:   cc cc cc cc cc cc cc cc cc 40 53 48 83 ec 20 48
0x00007ffdaf3a6a77:   8b 1d b3 30 01 00 48 85 db 74 16 e8 09 8b ff ff
0x00007ffdaf3a6a87:   4c 8b 00 48 8b d3 48 8b c8 41 ff 90 b0 00 00 00
0x00007ffdaf3a6a97:   90 48 83 c4 20 5b c3 cc cc 40 53 48 83 ec 20 48
0x00007ffdaf3a6aa7:   8b 1d 2b 32 01 00 48 85 db 74 57 b8 ff ff ff ff
0x00007ffdaf3a6ab7:   f0 0f c1 43 10 83 f8 01 75 3d 48 85 db 74 38 48
0x00007ffdaf3a6ac7:   8b 0b 48 85 c9 74 0d ff 15 d4 07 00 00 48 c7 03
0x00007ffdaf3a6ad7:   00 00 00 00 48 8b 4b 08 48 85 c9 74 0d e8 a7 cd
0x00007ffdaf3a6ae7:   ff ff 48 c7 43 08 00 00 00 00 ba 18 00 00 00 48
0x00007ffdaf3a6af7:   8b cb e8 92 cd ff ff 48 c7 05 cf 31 01 00 00 00
0x00007ffdaf3a6b07:   00 00 48 83 c4 20 5b c3 cc 40 53 48 83 ec 20 48
0x00007ffdaf3a6b17:   8b 1d 9b 31 01 00 48 85 db 74 57 b8 ff ff ff ff
0x00007ffdaf3a6b27:   f0 0f c1 43 10 83 f8 01 75 3d 48 85 db 74 38 48
0x00007ffdaf3a6b37:   8b 0b 48 85 c9 74 0d ff 15 64 07 00 00 48 c7 03
0x00007ffdaf3a6b47:   00 00 00 00 48 8b 4b 08 48 85 c9 74 0d e8 37 cd
0x00007ffdaf3a6b57:   ff ff 48 c7 43 08 00 00 00 00 ba 18 00 00 00 48
0x00007ffdaf3a6b67:   8b cb e8 22 cd ff ff 48 c7 05 3f 31 01 00 00 00
0x00007ffdaf3a6b77:   00 00 48 83 c4 20 5b c3 cc 40 53 48 83 ec 20 48 


Stack slot to memory mapping:
stack at sp + 0 slots: 0x0 is NULL
stack at sp + 1 slots: 0x00000024dcaff0e8 points into unknown readable memory: 0x00000024dcaff0d0 | d0 f0 af dc 24 00 00 00
stack at sp + 2 slots: 0x00007ffd7bcd2940 jvm.dll
stack at sp + 3 slots: 0x00007ffdaf3a4354 glass.dll
stack at sp + 4 slots: 0x000001d8ba027c58 points into unknown readable memory: 0x0000e210d7b543f0 | f0 43 b5 d7 10 e2 00 00
stack at sp + 5 slots: 0x00007ffdf3913973 ucrtbase.dll
stack at sp + 6 slots: 0x000001d8ba027c50 points into unknown readable memory: 0x3e6ce210a848ecca | ca ec 48 a8 10 e2 6c 3e
stack at sp + 7 slots: 0x000001d800000000 is an unknown value

VM_Operation (0x00000024dd6ff1d0): Exit, mode: safepoint, requested by thread 0x000001d8c2648a90


---------------  P R O C E S S  ---------------

Threads class SMR info:
_java_thread_list=0x000001d8c1ac88d0, length=20, elements={
0x000001d89ac46ba0, 0x000001d8b8b8f100, 0x000001d8b8b8f9c0, 0x000001d8b8ba2780,
0x000001d8b8ba3040, 0x000001d8b8ba3900, 0x000001d8b8ba45a0, 0x000001d8b8ba5360,
0x000001d8b8bb6dd0, 0x000001d8b8b7ca20, 0x000001d8b9bd8a50, 0x000001d8b9b39940,
0x000001d8b9fdc760, 0x000001d8ba091010, 0x000001d8ba0a7700, 0x000001d8ba1bd1c0,
0x000001d8ba049a30, 0x000001d8bf76a660, 0x000001d8c2647280, 0x000001d8c2648a90
}

Java Threads: ( => current thread )
  0x000001d89ac46ba0 JavaThread "main" [_thread_blocked, id=16820, stack(0x00000024dc400000,0x00000024dc500000)]
  0x000001d8b8b8f100 JavaThread "Reference Handler" daemon [_thread_blocked, id=15388, stack(0x00000024dcb00000,0x00000024dcc00000)]
  0x000001d8b8b8f9c0 JavaThread "Finalizer" daemon [_thread_blocked, id=4788, stack(0x00000024dcc00000,0x00000024dcd00000)]
  0x000001d8b8ba2780 JavaThread "Attach Listener" daemon [_thread_blocked, id=4124, stack(0x00000024dce00000,0x00000024dcf00000)]
  0x000001d8b8ba3040 JavaThread "Service Thread" daemon [_thread_blocked, id=12372, stack(0x00000024dcf00000,0x00000024dd000000)]
  0x000001d8b8ba3900 JavaThread "Monitor Deflation Thread" daemon [_thread_blocked, id=20336, stack(0x00000024dd000000,0x00000024dd100000)]
  0x000001d8b8ba45a0 JavaThread "C2 CompilerThread0" daemon [_thread_blocked, id=20292, stack(0x00000024dd100000,0x00000024dd200000)]
  0x000001d8b8ba5360 JavaThread "C1 CompilerThread0" daemon [_thread_blocked, id=8332, stack(0x00000024dd200000,0x00000024dd300000)]
  0x000001d8b8bb6dd0 JavaThread "Sweeper thread" daemon [_thread_blocked, id=16652, stack(0x00000024dd300000,0x00000024dd400000)]
  0x000001d8b8b7ca20 JavaThread "Common-Cleaner" daemon [_thread_blocked, id=4400, stack(0x00000024dd400000,0x00000024dd500000)]
  0x000001d8b9bd8a50 JavaThread "Monitor Ctrl-Break" daemon [_thread_in_native, id=2312, stack(0x00000024dd700000,0x00000024dd800000)]
  0x000001d8b9b39940 JavaThread "Notification Thread" daemon [_thread_blocked, id=10792, stack(0x00000024dd800000,0x00000024dd900000)]
  0x000001d8b9fdc760 JavaThread "QuantumRenderer-0" daemon [_thread_blocked, id=6264, stack(0x00000024dda00000,0x00000024ddb00000)]
  0x000001d8ba091010 JavaThread "InvokeLaterDispatcher" daemon [_thread_blocked, id=20000, stack(0x00000024ddb00000,0x00000024ddc00000)]
  0x000001d8ba0a7700 JavaThread "JavaFX Application Thread" [_thread_in_native, id=17392, stack(0x00000024ddc00000,0x00000024ddd00000)]
  0x000001d8ba1bd1c0 JavaThread "Thread-1" daemon [_thread_in_native, id=13508, stack(0x00000024dde00000,0x00000024ddf00000)]
  0x000001d8ba049a30 JavaThread "JavaFX-Launcher" [_thread_blocked, id=6624, stack(0x00000024ddf00000,0x00000024de000000)]
  0x000001d8bf76a660 JavaThread "Prism Font Disposer" daemon [_thread_blocked, id=16196, stack(0x00000024de900000,0x00000024dea00000)]
  0x000001d8c2647280 JavaThread "Cleaner-0" daemon [_thread_blocked, id=8280, stack(0x00000024ded00000,0x00000024dee00000)]
  0x000001d8c2648a90 JavaThread "SIGINT handler" daemon [_thread_blocked, id=20328, stack(0x00000024dd600000,0x00000024dd700000)]

Other Threads:
=>0x000001d8b8b8a850 VMThread "VM Thread" [stack: 0x00000024dca00000,0x00000024dcb00000] [id=6428]
  0x000001d89ac84b10 GCTaskThread "GC Thread#0" [stack: 0x00000024dc500000,0x00000024dc600000] [id=5252]
  0x000001d8b9bc37c0 GCTaskThread "GC Thread#1" [stack: 0x00000024de000000,0x00000024de100000] [id=18636]
  0x000001d8b9bc2fb0 GCTaskThread "GC Thread#2" [stack: 0x00000024de100000,0x00000024de200000] [id=2380]
  0x000001d8b9bc3a70 GCTaskThread "GC Thread#3" [stack: 0x00000024de200000,0x00000024de300000] [id=4092]
  0x000001d8b9bc3260 GCTaskThread "GC Thread#4" [stack: 0x00000024de300000,0x00000024de400000] [id=1164]
  0x000001d8b9bc1f90 GCTaskThread "GC Thread#5" [stack: 0x00000024de400000,0x00000024de500000] [id=16684]
  0x000001d8b9bc2a50 GCTaskThread "GC Thread#6" [stack: 0x00000024deb00000,0x00000024dec00000] [id=20592]
  0x000001d8c20f2970 GCTaskThread "GC Thread#7" [stack: 0x00000024dec00000,0x00000024ded00000] [id=11944]
  0x000001d89ac94c50 ConcurrentGCThread "G1 Main Marker" terminated
  0x000001d898b7d6a0 ConcurrentGCThread "G1 Conc#0" [stack: 0x00000024dc700000,0x00000024dc800000] [id=12684]
  0x000001d89acfde70 ConcurrentGCThread "G1 Refine#0" terminated
  0x000001d89acfe540 ConcurrentGCThread "G1 Service" terminated

Threads with active compile tasks:

VM state: at safepoint (shutting down)

VM Mutex/Monitor currently owned by a thread:  ([mutex/lock_event])
[0x000001d89ac42410] Threads_lock - owner thread: 0x000001d8b8b8a850
[0x000001d89ac43190] Heap_lock - owner thread: 0x000001d8c2648a90

Heap address: 0x0000000083200000, size: 1998 MB, Compressed Oops mode: 32-bit

CDS archive(s) mapped at: [0x0000000800000000-0x0000000800bc0000-0x0000000800bc0000), size 12320768, SharedBaseAddress: 0x0000000800000000, ArchiveRelocationMode: 0.
Compressed class space mapped at: 0x0000000800c00000-0x0000000840c00000, reserved size: 1073741824
Narrow klass base: 0x0000000800000000, Narrow klass shift: 0, Narrow klass range: 0x100000000

GC Precious Log:
 CPUs: 8 total, 8 available
 Memory: 7990M
 Large Page Support: Disabled
 NUMA Support: Disabled
 Compressed Oops: Enabled (32-bit)
 Heap Region Size: 1M
 Heap Min Capacity: 8M
 Heap Initial Capacity: 126M
 Heap Max Capacity: 1998M
 Pre-touch: Disabled
 Parallel Workers: 8
 Concurrent Workers: 2
 Concurrent Refinement Workers: 8
 Periodic GC: Disabled

Heap:
 garbage-first heap   total 129024K, used 22899K [0x0000000083200000, 0x0000000100000000)
  region size 1024K, 18 young (18432K), 4 survivors (4096K)
 Metaspace       used 15757K, committed 16000K, reserved 1064960K
  class space    used 2266K, committed 2368K, reserved 1048576K

Heap Regions: E=young(eden), S=young(survivor), O=old, HS=humongous(starts), HC=humongous(continues), CS=collection set, F=free, OA=open archive, CA=closed archive, TAMS=top-at-mark-start (previous, next)
|   0|0x0000000083200000, 0x0000000083300000, 0x0000000083300000|100%| O|  |TAMS 0x0000000083200000, 0x0000000083200000| Untracked 
|   1|0x0000000083300000, 0x0000000083400000, 0x0000000083400000|100%| O|  |TAMS 0x0000000083300000, 0x0000000083300000| Untracked 
|   2|0x0000000083400000, 0x0000000083500000, 0x0000000083500000|100%| O|  |TAMS 0x0000000083400000, 0x0000000083400000| Untracked 
|   3|0x0000000083500000, 0x000000008355ee00, 0x0000000083600000| 37%| O|  |TAMS 0x0000000083500000, 0x0000000083500000| Untracked 
|   4|0x0000000083600000, 0x0000000083700000, 0x0000000083700000|100%|HS|  |TAMS 0x0000000083600000, 0x0000000083600000| Complete 
|   5|0x0000000083700000, 0x0000000083800000, 0x0000000083800000|100%|HC|  |TAMS 0x0000000083700000, 0x0000000083700000| Complete 
|   6|0x0000000083800000, 0x0000000083800000, 0x0000000083900000|  0%| F|  |TAMS 0x0000000083800000, 0x0000000083800000| Untracked 
|   7|0x0000000083900000, 0x0000000083900000, 0x0000000083a00000|  0%| F|  |TAMS 0x0000000083900000, 0x0000000083900000| Untracked 
|   8|0x0000000083a00000, 0x0000000083a00000, 0x0000000083b00000|  0%| F|  |TAMS 0x0000000083a00000, 0x0000000083a00000| Untracked 
|   9|0x0000000083b00000, 0x0000000083b00000, 0x0000000083c00000|  0%| F|  |TAMS 0x0000000083b00000, 0x0000000083b00000| Untracked 
|  10|0x0000000083c00000, 0x0000000083c00000, 0x0000000083d00000|  0%| F|  |TAMS 0x0000000083c00000, 0x0000000083c00000| Untracked 
|  11|0x0000000083d00000, 0x0000000083d00000, 0x0000000083e00000|  0%| F|  |TAMS 0x0000000083d00000, 0x0000000083d00000| Untracked 
|  12|0x0000000083e00000, 0x0000000083e00000, 0x0000000083f00000|  0%| F|  |TAMS 0x0000000083e00000, 0x0000000083e00000| Untracked 
|  13|0x0000000083f00000, 0x0000000083f00000, 0x0000000084000000|  0%| F|  |TAMS 0x0000000083f00000, 0x0000000083f00000| Untracked 
|  14|0x0000000084000000, 0x0000000084000000, 0x0000000084100000|  0%| F|  |TAMS 0x0000000084000000, 0x0000000084000000| Untracked 
|  15|0x0000000084100000, 0x0000000084100000, 0x0000000084200000|  0%| F|  |TAMS 0x0000000084100000, 0x0000000084100000| Untracked 
|  16|0x0000000084200000, 0x0000000084200000, 0x0000000084300000|  0%| F|  |TAMS 0x0000000084200000, 0x0000000084200000| Untracked 
|  17|0x0000000084300000, 0x0000000084300000, 0x0000000084400000|  0%| F|  |TAMS 0x0000000084300000, 0x0000000084300000| Untracked 
|  18|0x0000000084400000, 0x0000000084400000, 0x0000000084500000|  0%| F|  |TAMS 0x0000000084400000, 0x0000000084400000| Untracked 
|  19|0x0000000084500000, 0x0000000084500000, 0x0000000084600000|  0%| F|  |TAMS 0x0000000084500000, 0x0000000084500000| Untracked 
|  20|0x0000000084600000, 0x0000000084600000, 0x0000000084700000|  0%| F|  |TAMS 0x0000000084600000, 0x0000000084600000| Untracked 
|  21|0x0000000084700000, 0x0000000084700000, 0x0000000084800000|  0%| F|  |TAMS 0x0000000084700000, 0x0000000084700000| Untracked 
|  22|0x0000000084800000, 0x0000000084800000, 0x0000000084900000|  0%| F|  |TAMS 0x0000000084800000, 0x0000000084800000| Untracked 
|  23|0x0000000084900000, 0x0000000084900000, 0x0000000084a00000|  0%| F|  |TAMS 0x0000000084900000, 0x0000000084900000| Untracked 
|  24|0x0000000084a00000, 0x0000000084a00000, 0x0000000084b00000|  0%| F|  |TAMS 0x0000000084a00000, 0x0000000084a00000| Untracked 
|  25|0x0000000084b00000, 0x0000000084b00000, 0x0000000084c00000|  0%| F|  |TAMS 0x0000000084b00000, 0x0000000084b00000| Untracked 
|  26|0x0000000084c00000, 0x0000000084c00000, 0x0000000084d00000|  0%| F|  |TAMS 0x0000000084c00000, 0x0000000084c00000| Untracked 
|  27|0x0000000084d00000, 0x0000000084d00000, 0x0000000084e00000|  0%| F|  |TAMS 0x0000000084d00000, 0x0000000084d00000| Untracked 
|  28|0x0000000084e00000, 0x0000000084e00000, 0x0000000084f00000|  0%| F|  |TAMS 0x0000000084e00000, 0x0000000084e00000| Untracked 
|  29|0x0000000084f00000, 0x0000000084f00000, 0x0000000085000000|  0%| F|  |TAMS 0x0000000084f00000, 0x0000000084f00000| Untracked 
|  30|0x0000000085000000, 0x0000000085000000, 0x0000000085100000|  0%| F|  |TAMS 0x0000000085000000, 0x0000000085000000| Untracked 
|  31|0x0000000085100000, 0x0000000085100000, 0x0000000085200000|  0%| F|  |TAMS 0x0000000085100000, 0x0000000085100000| Untracked 
|  32|0x0000000085200000, 0x0000000085200000, 0x0000000085300000|  0%| F|  |TAMS 0x0000000085200000, 0x0000000085200000| Untracked 
|  33|0x0000000085300000, 0x0000000085300000, 0x0000000085400000|  0%| F|  |TAMS 0x0000000085300000, 0x0000000085300000| Untracked 
|  34|0x0000000085400000, 0x0000000085400000, 0x0000000085500000|  0%| F|  |TAMS 0x0000000085400000, 0x0000000085400000| Untracked 
|  35|0x0000000085500000, 0x0000000085500000, 0x0000000085600000|  0%| F|  |TAMS 0x0000000085500000, 0x0000000085500000| Untracked 
|  36|0x0000000085600000, 0x0000000085600000, 0x0000000085700000|  0%| F|  |TAMS 0x0000000085600000, 0x0000000085600000| Untracked 
|  37|0x0000000085700000, 0x0000000085700000, 0x0000000085800000|  0%| F|  |TAMS 0x0000000085700000, 0x0000000085700000| Untracked 
|  38|0x0000000085800000, 0x0000000085800000, 0x0000000085900000|  0%| F|  |TAMS 0x0000000085800000, 0x0000000085800000| Untracked 
|  39|0x0000000085900000, 0x0000000085900000, 0x0000000085a00000|  0%| F|  |TAMS 0x0000000085900000, 0x0000000085900000| Untracked 
|  40|0x0000000085a00000, 0x0000000085a00000, 0x0000000085b00000|  0%| F|  |TAMS 0x0000000085a00000, 0x0000000085a00000| Untracked 
|  41|0x0000000085b00000, 0x0000000085b00000, 0x0000000085c00000|  0%| F|  |TAMS 0x0000000085b00000, 0x0000000085b00000| Untracked 
|  42|0x0000000085c00000, 0x0000000085c00000, 0x0000000085d00000|  0%| F|  |TAMS 0x0000000085c00000, 0x0000000085c00000| Untracked 
|  43|0x0000000085d00000, 0x0000000085d00000, 0x0000000085e00000|  0%| F|  |TAMS 0x0000000085d00000, 0x0000000085d00000| Untracked 
|  44|0x0000000085e00000, 0x0000000085e00000, 0x0000000085f00000|  0%| F|  |TAMS 0x0000000085e00000, 0x0000000085e00000| Untracked 
|  45|0x0000000085f00000, 0x0000000085f00000, 0x0000000086000000|  0%| F|  |TAMS 0x0000000085f00000, 0x0000000085f00000| Untracked 
|  46|0x0000000086000000, 0x0000000086000000, 0x0000000086100000|  0%| F|  |TAMS 0x0000000086000000, 0x0000000086000000| Untracked 
|  47|0x0000000086100000, 0x0000000086100000, 0x0000000086200000|  0%| F|  |TAMS 0x0000000086100000, 0x0000000086100000| Untracked 
|  48|0x0000000086200000, 0x0000000086200000, 0x0000000086300000|  0%| F|  |TAMS 0x0000000086200000, 0x0000000086200000| Untracked 
|  49|0x0000000086300000, 0x0000000086300000, 0x0000000086400000|  0%| F|  |TAMS 0x0000000086300000, 0x0000000086300000| Untracked 
|  50|0x0000000086400000, 0x0000000086400000, 0x0000000086500000|  0%| F|  |TAMS 0x0000000086400000, 0x0000000086400000| Untracked 
|  51|0x0000000086500000, 0x0000000086500000, 0x0000000086600000|  0%| F|  |TAMS 0x0000000086500000, 0x0000000086500000| Untracked 
|  52|0x0000000086600000, 0x0000000086600000, 0x0000000086700000|  0%| F|  |TAMS 0x0000000086600000, 0x0000000086600000| Untracked 
|  53|0x0000000086700000, 0x0000000086700000, 0x0000000086800000|  0%| F|  |TAMS 0x0000000086700000, 0x0000000086700000| Untracked 
|  54|0x0000000086800000, 0x0000000086800000, 0x0000000086900000|  0%| F|  |TAMS 0x0000000086800000, 0x0000000086800000| Untracked 
|  55|0x0000000086900000, 0x0000000086900000, 0x0000000086a00000|  0%| F|  |TAMS 0x0000000086900000, 0x0000000086900000| Untracked 
|  56|0x0000000086a00000, 0x0000000086a00000, 0x0000000086b00000|  0%| F|  |TAMS 0x0000000086a00000, 0x0000000086a00000| Untracked 
|  57|0x0000000086b00000, 0x0000000086b00000, 0x0000000086c00000|  0%| F|  |TAMS 0x0000000086b00000, 0x0000000086b00000| Untracked 
|  58|0x0000000086c00000, 0x0000000086c00000, 0x0000000086d00000|  0%| F|  |TAMS 0x0000000086c00000, 0x0000000086c00000| Untracked 
|  59|0x0000000086d00000, 0x0000000086d00000, 0x0000000086e00000|  0%| F|  |TAMS 0x0000000086d00000, 0x0000000086d00000| Untracked 
|  60|0x0000000086e00000, 0x0000000086e00000, 0x0000000086f00000|  0%| F|  |TAMS 0x0000000086e00000, 0x0000000086e00000| Untracked 
|  61|0x0000000086f00000, 0x0000000086f00000, 0x0000000087000000|  0%| F|  |TAMS 0x0000000086f00000, 0x0000000086f00000| Untracked 
|  62|0x0000000087000000, 0x0000000087000000, 0x0000000087100000|  0%| F|  |TAMS 0x0000000087000000, 0x0000000087000000| Untracked 
|  63|0x0000000087100000, 0x0000000087100000, 0x0000000087200000|  0%| F|  |TAMS 0x0000000087100000, 0x0000000087100000| Untracked 
|  64|0x0000000087200000, 0x0000000087200000, 0x0000000087300000|  0%| F|  |TAMS 0x0000000087200000, 0x0000000087200000| Untracked 
|  65|0x0000000087300000, 0x0000000087300000, 0x0000000087400000|  0%| F|  |TAMS 0x0000000087300000, 0x0000000087300000| Untracked 
|  66|0x0000000087400000, 0x0000000087400000, 0x0000000087500000|  0%| F|  |TAMS 0x0000000087400000, 0x0000000087400000| Untracked 
|  67|0x0000000087500000, 0x0000000087500000, 0x0000000087600000|  0%| F|  |TAMS 0x0000000087500000, 0x0000000087500000| Untracked 
|  68|0x0000000087600000, 0x0000000087600000, 0x0000000087700000|  0%| F|  |TAMS 0x0000000087600000, 0x0000000087600000| Untracked 
|  69|0x0000000087700000, 0x0000000087700000, 0x0000000087800000|  0%| F|  |TAMS 0x0000000087700000, 0x0000000087700000| Untracked 
|  70|0x0000000087800000, 0x0000000087800000, 0x0000000087900000|  0%| F|  |TAMS 0x0000000087800000, 0x0000000087800000| Untracked 
|  71|0x0000000087900000, 0x0000000087900000, 0x0000000087a00000|  0%| F|  |TAMS 0x0000000087900000, 0x0000000087900000| Untracked 
|  72|0x0000000087a00000, 0x0000000087a00000, 0x0000000087b00000|  0%| F|  |TAMS 0x0000000087a00000, 0x0000000087a00000| Untracked 
|  73|0x0000000087b00000, 0x0000000087b00000, 0x0000000087c00000|  0%| F|  |TAMS 0x0000000087b00000, 0x0000000087b00000| Untracked 
|  74|0x0000000087c00000, 0x0000000087c00000, 0x0000000087d00000|  0%| F|  |TAMS 0x0000000087c00000, 0x0000000087c00000| Untracked 
|  75|0x0000000087d00000, 0x0000000087d00000, 0x0000000087e00000|  0%| F|  |TAMS 0x0000000087d00000, 0x0000000087d00000| Untracked 
|  76|0x0000000087e00000, 0x0000000087e00000, 0x0000000087f00000|  0%| F|  |TAMS 0x0000000087e00000, 0x0000000087e00000| Untracked 
|  77|0x0000000087f00000, 0x0000000087f00000, 0x0000000088000000|  0%| F|  |TAMS 0x0000000087f00000, 0x0000000087f00000| Untracked 
|  78|0x0000000088000000, 0x0000000088000000, 0x0000000088100000|  0%| F|  |TAMS 0x0000000088000000, 0x0000000088000000| Untracked 
|  79|0x0000000088100000, 0x0000000088100000, 0x0000000088200000|  0%| F|  |TAMS 0x0000000088100000, 0x0000000088100000| Untracked 
|  80|0x0000000088200000, 0x0000000088200000, 0x0000000088300000|  0%| F|  |TAMS 0x0000000088200000, 0x0000000088200000| Untracked 
|  81|0x0000000088300000, 0x0000000088300000, 0x0000000088400000|  0%| F|  |TAMS 0x0000000088300000, 0x0000000088300000| Untracked 
|  82|0x0000000088400000, 0x0000000088400000, 0x0000000088500000|  0%| F|  |TAMS 0x0000000088400000, 0x0000000088400000| Untracked 
|  83|0x0000000088500000, 0x0000000088500000, 0x0000000088600000|  0%| F|  |TAMS 0x0000000088500000, 0x0000000088500000| Untracked 
|  84|0x0000000088600000, 0x0000000088600000, 0x0000000088700000|  0%| F|  |TAMS 0x0000000088600000, 0x0000000088600000| Untracked 
|  85|0x0000000088700000, 0x0000000088700000, 0x0000000088800000|  0%| F|  |TAMS 0x0000000088700000, 0x0000000088700000| Untracked 
|  86|0x0000000088800000, 0x0000000088800000, 0x0000000088900000|  0%| F|  |TAMS 0x0000000088800000, 0x0000000088800000| Untracked 
|  87|0x0000000088900000, 0x00000000889fe1e0, 0x0000000088a00000| 99%| S|CS|TAMS 0x0000000088900000, 0x0000000088900000| Complete 
|  88|0x0000000088a00000, 0x0000000088b00000, 0x0000000088b00000|100%| S|CS|TAMS 0x0000000088a00000, 0x0000000088a00000| Complete 
|  89|0x0000000088b00000, 0x0000000088c00000, 0x0000000088c00000|100%| S|CS|TAMS 0x0000000088b00000, 0x0000000088b00000| Complete 
|  90|0x0000000088c00000, 0x0000000088d00000, 0x0000000088d00000|100%| S|CS|TAMS 0x0000000088c00000, 0x0000000088c00000| Complete 
|  91|0x0000000088d00000, 0x0000000088d00000, 0x0000000088e00000|  0%| F|  |TAMS 0x0000000088d00000, 0x0000000088d00000| Untracked 
|  92|0x0000000088e00000, 0x0000000088e00000, 0x0000000088f00000|  0%| F|  |TAMS 0x0000000088e00000, 0x0000000088e00000| Untracked 
|  93|0x0000000088f00000, 0x0000000088f00000, 0x0000000089000000|  0%| F|  |TAMS 0x0000000088f00000, 0x0000000088f00000| Untracked 
|  94|0x0000000089000000, 0x0000000089000000, 0x0000000089100000|  0%| F|  |TAMS 0x0000000089000000, 0x0000000089000000| Untracked 
|  95|0x0000000089100000, 0x0000000089100000, 0x0000000089200000|  0%| F|  |TAMS 0x0000000089100000, 0x0000000089100000| Untracked 
|  96|0x0000000089200000, 0x0000000089200000, 0x0000000089300000|  0%| F|  |TAMS 0x0000000089200000, 0x0000000089200000| Untracked 
|  97|0x0000000089300000, 0x0000000089300000, 0x0000000089400000|  0%| F|  |TAMS 0x0000000089300000, 0x0000000089300000| Untracked 
|  98|0x0000000089400000, 0x0000000089400000, 0x0000000089500000|  0%| F|  |TAMS 0x0000000089400000, 0x0000000089400000| Untracked 
|  99|0x0000000089500000, 0x0000000089500000, 0x0000000089600000|  0%| F|  |TAMS 0x0000000089500000, 0x0000000089500000| Untracked 
| 100|0x0000000089600000, 0x0000000089600000, 0x0000000089700000|  0%| F|  |TAMS 0x0000000089600000, 0x0000000089600000| Untracked 
| 101|0x0000000089700000, 0x0000000089700000, 0x0000000089800000|  0%| F|  |TAMS 0x0000000089700000, 0x0000000089700000| Untracked 
| 102|0x0000000089800000, 0x0000000089800000, 0x0000000089900000|  0%| F|  |TAMS 0x0000000089800000, 0x0000000089800000| Untracked 
| 103|0x0000000089900000, 0x0000000089900000, 0x0000000089a00000|  0%| F|  |TAMS 0x0000000089900000, 0x0000000089900000| Untracked 
| 104|0x0000000089a00000, 0x0000000089a00000, 0x0000000089b00000|  0%| F|  |TAMS 0x0000000089a00000, 0x0000000089a00000| Untracked 
| 105|0x0000000089b00000, 0x0000000089b00000, 0x0000000089c00000|  0%| F|  |TAMS 0x0000000089b00000, 0x0000000089b00000| Untracked 
| 106|0x0000000089c00000, 0x0000000089c00000, 0x0000000089d00000|  0%| F|  |TAMS 0x0000000089c00000, 0x0000000089c00000| Untracked 
| 107|0x0000000089d00000, 0x0000000089d00000, 0x0000000089e00000|  0%| F|  |TAMS 0x0000000089d00000, 0x0000000089d00000| Untracked 
| 108|0x0000000089e00000, 0x0000000089e00000, 0x0000000089f00000|  0%| F|  |TAMS 0x0000000089e00000, 0x0000000089e00000| Untracked 
| 109|0x0000000089f00000, 0x0000000089f00000, 0x000000008a000000|  0%| F|  |TAMS 0x0000000089f00000, 0x0000000089f00000| Untracked 
| 110|0x000000008a000000, 0x000000008a000000, 0x000000008a100000|  0%| F|  |TAMS 0x000000008a000000, 0x000000008a000000| Untracked 
| 111|0x000000008a100000, 0x000000008a100000, 0x000000008a200000|  0%| F|  |TAMS 0x000000008a100000, 0x000000008a100000| Untracked 
| 112|0x000000008a200000, 0x000000008a2daa20, 0x000000008a300000| 85%| E|  |TAMS 0x000000008a200000, 0x000000008a200000| Complete 
| 113|0x000000008a300000, 0x000000008a400000, 0x000000008a400000|100%| E|CS|TAMS 0x000000008a300000, 0x000000008a300000| Complete 
| 114|0x000000008a400000, 0x000000008a500000, 0x000000008a500000|100%| E|CS|TAMS 0x000000008a400000, 0x000000008a400000| Complete 
| 115|0x000000008a500000, 0x000000008a600000, 0x000000008a600000|100%| E|CS|TAMS 0x000000008a500000, 0x000000008a500000| Complete 
| 116|0x000000008a600000, 0x000000008a700000, 0x000000008a700000|100%| E|CS|TAMS 0x000000008a600000, 0x000000008a600000| Complete 
| 117|0x000000008a700000, 0x000000008a800000, 0x000000008a800000|100%| E|CS|TAMS 0x000000008a700000, 0x000000008a700000| Complete 
| 118|0x000000008a800000, 0x000000008a900000, 0x000000008a900000|100%| E|CS|TAMS 0x000000008a800000, 0x000000008a800000| Complete 
| 119|0x000000008a900000, 0x000000008aa00000, 0x000000008aa00000|100%| E|CS|TAMS 0x000000008a900000, 0x000000008a900000| Complete 
| 120|0x000000008aa00000, 0x000000008ab00000, 0x000000008ab00000|100%| E|CS|TAMS 0x000000008aa00000, 0x000000008aa00000| Complete 
| 121|0x000000008ab00000, 0x000000008ac00000, 0x000000008ac00000|100%| E|CS|TAMS 0x000000008ab00000, 0x000000008ab00000| Complete 
| 122|0x000000008ac00000, 0x000000008ad00000, 0x000000008ad00000|100%| E|CS|TAMS 0x000000008ac00000, 0x000000008ac00000| Complete 
| 123|0x000000008ad00000, 0x000000008ae00000, 0x000000008ae00000|100%| E|CS|TAMS 0x000000008ad00000, 0x000000008ad00000| Complete 
| 124|0x000000008ae00000, 0x000000008af00000, 0x000000008af00000|100%| E|CS|TAMS 0x000000008ae00000, 0x000000008ae00000| Complete 
| 125|0x000000008af00000, 0x000000008b000000, 0x000000008b000000|100%| E|CS|TAMS 0x000000008af00000, 0x000000008af00000| Complete 

Card table byte_map: [0x000001d8b1b40000,0x000001d8b1f30000] _byte_map_base: 0x000001d8b1727000

Marking Bits (Prev, Next): (CMBitMap*) 0x000001d898b7b980, (CMBitMap*) 0x000001d898b7b9c0
 Prev Bits: [0x000001d8b2320000, 0x000001d8b4258000)
 Next Bits: [0x000001d8b4260000, 0x000001d8b6198000)

Polling page: 0x000001d898be0000

Metaspace:

Usage:
  Non-class:     13.18 MB used.
      Class:      2.21 MB used.
       Both:     15.39 MB used.

Virtual space:
  Non-class space:       16.00 MB reserved,      13.31 MB ( 83%) committed,  2 nodes.
      Class space:        1.00 GB reserved,       2.31 MB ( <1%) committed,  1 nodes.
             Both:        1.02 GB reserved,      15.62 MB (  2%) committed. 

Chunk freelists:
   Non-Class:  1.89 MB
       Class:  1.64 MB
        Both:  3.53 MB

MaxMetaspaceSize: unlimited
CompressedClassSpaceSize: 1.00 GB
Initial GC threshold: 21.00 MB
Current GC threshold: 21.00 MB
CDS: on
MetaspaceReclaimPolicy: balanced
 - commit_granule_bytes: 65536.
 - commit_granule_words: 8192.
 - virtual_space_node_default_size: 1048576.
 - enlarge_chunks_in_place: 1.
 - new_chunks_are_fully_committed: 0.
 - uncommit_free_chunks: 1.
 - use_allocation_guard: 0.
 - handle_deallocations: 1.


Internal statistics:

num_allocs_failed_limit: 0.
num_arena_births: 206.
num_arena_deaths: 0.
num_vsnodes_births: 3.
num_vsnodes_deaths: 0.
num_space_committed: 250.
num_space_uncommitted: 0.
num_chunks_returned_to_freelist: 0.
num_chunks_taken_from_freelist: 698.
num_chunk_merges: 0.
num_chunk_splits: 492.
num_chunks_enlarged: 385.
num_purges: 0.
num_inconsistent_stats: 0.

CodeHeap 'non-profiled nmethods': size=120000Kb used=1019Kb max_used=1019Kb free=118980Kb
 bounds [0x000001d8a9ef0000, 0x000001d8aa160000, 0x000001d8b1420000]
CodeHeap 'profiled nmethods': size=120000Kb used=4926Kb max_used=4926Kb free=115073Kb
 bounds [0x000001d8a29c0000, 0x000001d8a2e90000, 0x000001d8a9ef0000]
CodeHeap 'non-nmethods': size=5760Kb used=1423Kb max_used=1494Kb free=4336Kb
 bounds [0x000001d8a2420000, 0x000001d8a2690000, 0x000001d8a29c0000]
 total_blobs=3479 nmethods=2697 adapters=694
 compilation: enabled
              stopped_count=0, restarted_count=0
 full_count=0

Compilation events (20 events):
Event: 7.643 Thread 0x000001d8b8ba5360 2687       3       com.sun.javafx.scene.NodeHelper::pickNodeLocalImpl (12 bytes)
Event: 7.644 Thread 0x000001d8b8ba45a0 2689       4       com.sun.javafx.event.EventHandlerManager::dispatchCapturingEvent (41 bytes)
Event: 7.644 Thread 0x000001d8b8ba5360 nmethod 2687 0x000001d8a2e8d210 code [0x000001d8a2e8d3c0, 0x000001d8a2e8d628]
Event: 7.644 Thread 0x000001d8b8ba5360 2688       3       javafx.scene.Node$1::doPickNodeLocal (7 bytes)
Event: 7.644 Thread 0x000001d8b8ba5360 nmethod 2688 0x000001d8a2e8d790 code [0x000001d8a2e8d940, 0x000001d8a2e8dae8]
Event: 7.648 Thread 0x000001d8b8ba45a0 nmethod 2689 0x000001d8a9feca90 code [0x000001d8a9fecc60, 0x000001d8a9fed030]
Event: 7.681 Thread 0x000001d8b8ba5360 2690       1       javafx.util.Duration::toMillis (5 bytes)
Event: 7.681 Thread 0x000001d8b8ba5360 nmethod 2690 0x000001d8a9fed410 code [0x000001d8a9fed5a0, 0x000001d8a9fed678]
Event: 7.681 Thread 0x000001d8b8ba5360 2691       3       javafx.scene.text.Text::getBoundsType (24 bytes)
Event: 7.682 Thread 0x000001d8b8ba5360 nmethod 2691 0x000001d8a2e8dc10 code [0x000001d8a2e8dde0, 0x000001d8a2e8e298]
Event: 7.813 Thread 0x000001d8b8ba5360 2692       3       javafx.scene.Node::doComputeIntersects (133 bytes)
Event: 7.814 Thread 0x000001d8b8ba5360 nmethod 2692 0x000001d8a2e8e410 code [0x000001d8a2e8e640, 0x000001d8a2e8ed28]
Event: 8.673 Thread 0x000001d8b8ba5360 2693       1       javafx.scene.input.KeyCode::getCode (5 bytes)
Event: 8.674 Thread 0x000001d8b8ba5360 nmethod 2693 0x000001d8a9fed710 code [0x000001d8a9fed8a0, 0x000001d8a9fed978]
Event: 86.431 Thread 0x000001d8b8ba45a0 2694       4       com.sun.javafx.tk.quantum.QuantumToolkit::postPulse (133 bytes)
Event: 86.436 Thread 0x000001d8b8ba45a0 nmethod 2694 0x000001d8a9feda10 code [0x000001d8a9fedbc0, 0x000001d8a9fede08]
Event: 86.663 Thread 0x000001d8b8ba45a0 2695       4       com.sun.javafx.tk.quantum.QuantumToolkit$$Lambda$89/0x0000000800c37a28::run (8 bytes)
Event: 86.667 Thread 0x000001d8b8ba45a0 nmethod 2695 0x000001d8a9fee090 code [0x000001d8a9fee260, 0x000001d8a9fee4f0]
Event: 452.109 Thread 0x000001d8b8ba5360 2696       3       java.lang.Class::protectionDomain (48 bytes)
Event: 452.110 Thread 0x000001d8b8ba5360 nmethod 2696 0x000001d8a2e8ef90 code [0x000001d8a2e8f1c0, 0x000001d8a2e8f858]

GC Heap History (4 events):
Event: 0.685 GC heap before
{Heap before GC invocations=0 (full 0):
 garbage-first heap   total 129024K, used 22528K [0x0000000083200000, 0x0000000100000000)
  region size 1024K, 23 young (23552K), 0 survivors (0K)
 Metaspace       used 4831K, committed 4992K, reserved 1056768K
  class space    used 558K, committed 640K, reserved 1048576K
}
Event: 0.688 GC heap after
{Heap after GC invocations=1 (full 0):
 garbage-first heap   total 129024K, used 3168K [0x0000000083200000, 0x0000000100000000)
  region size 1024K, 3 young (3072K), 3 survivors (3072K)
 Metaspace       used 4831K, committed 4992K, reserved 1056768K
  class space    used 558K, committed 640K, reserved 1048576K
}
Event: 1.408 GC heap before
{Heap before GC invocations=1 (full 0):
 garbage-first heap   total 129024K, used 35936K [0x0000000083200000, 0x0000000100000000)
  region size 1024K, 35 young (35840K), 3 survivors (3072K)
 Metaspace       used 13148K, committed 13440K, reserved 1064960K
  class space    used 1948K, committed 2112K, reserved 1048576K
}
Event: 1.413 GC heap after
{Heap after GC invocations=2 (full 0):
 garbage-first heap   total 129024K, used 7539K [0x0000000083200000, 0x0000000100000000)
  region size 1024K, 4 young (4096K), 4 survivors (4096K)
 Metaspace       used 13148K, committed 13440K, reserved 1064960K
  class space    used 1948K, committed 2112K, reserved 1048576K
}

Deoptimization events (20 events):
Event: 5.079 Thread 0x000001d8b9fdc760 DEOPT PACKING pc=0x000001d8a2ddfd1a sp=0x00000024ddafdd60
Event: 5.079 Thread 0x000001d8b9fdc760 DEOPT UNPACKING pc=0x000001d8a2472b43 sp=0x00000024ddafd1b8 mode 0
Event: 5.079 Thread 0x000001d8b9fdc760 DEOPT PACKING pc=0x000001d8a2ddfd1a sp=0x00000024ddafda00
Event: 5.079 Thread 0x000001d8b9fdc760 DEOPT UNPACKING pc=0x000001d8a2472b43 sp=0x00000024ddafce58 mode 0
Event: 5.079 Thread 0x000001d8b9fdc760 DEOPT PACKING pc=0x000001d8a2ddfd1a sp=0x00000024ddafda00
Event: 5.079 Thread 0x000001d8b9fdc760 DEOPT UNPACKING pc=0x000001d8a2472b43 sp=0x00000024ddafce58 mode 0
Event: 5.081 Thread 0x000001d8b9fdc760 DEOPT PACKING pc=0x000001d8a2ddfd1a sp=0x00000024ddafdd60
Event: 5.081 Thread 0x000001d8b9fdc760 DEOPT UNPACKING pc=0x000001d8a2472b43 sp=0x00000024ddafd1b8 mode 0
Event: 5.083 Thread 0x000001d8b9fdc760 DEOPT PACKING pc=0x000001d8a2ddfd1a sp=0x00000024ddafda00
Event: 5.083 Thread 0x000001d8b9fdc760 DEOPT UNPACKING pc=0x000001d8a2472b43 sp=0x00000024ddafce58 mode 0
Event: 5.083 Thread 0x000001d8b9fdc760 DEOPT PACKING pc=0x000001d8a2ddfd1a sp=0x00000024ddafda00
Event: 5.083 Thread 0x000001d8b9fdc760 DEOPT UNPACKING pc=0x000001d8a2472b43 sp=0x00000024ddafce58 mode 0
Event: 5.084 Thread 0x000001d8b9fdc760 DEOPT PACKING pc=0x000001d8a2ddfd1a sp=0x00000024ddafdae0
Event: 5.084 Thread 0x000001d8b9fdc760 DEOPT UNPACKING pc=0x000001d8a2472b43 sp=0x00000024ddafcf38 mode 0
Event: 5.084 Thread 0x000001d8b9fdc760 DEOPT PACKING pc=0x000001d8a2ddfd1a sp=0x00000024ddafdae0
Event: 5.084 Thread 0x000001d8b9fdc760 DEOPT UNPACKING pc=0x000001d8a2472b43 sp=0x00000024ddafcf38 mode 0
Event: 5.085 Thread 0x000001d8b9fdc760 DEOPT PACKING pc=0x000001d8a2ddfd1a sp=0x00000024ddafdd60
Event: 5.085 Thread 0x000001d8b9fdc760 DEOPT UNPACKING pc=0x000001d8a2472b43 sp=0x00000024ddafd1b8 mode 0
Event: 5.085 Thread 0x000001d8b9fdc760 DEOPT PACKING pc=0x000001d8a2ddfd1a sp=0x00000024ddafda00
Event: 5.085 Thread 0x000001d8b9fdc760 DEOPT UNPACKING pc=0x000001d8a2472b43 sp=0x00000024ddafce58 mode 0

Classes unloaded (0 events):
No events

Classes redefined (0 events):
No events

Internal exceptions (20 events):
Event: 0.829 Thread 0x000001d8ba0a7700 Exception <a 'java/lang/ClassNotFoundException'{0x000000008a7a8f78}: com/sun/glass/ui/win/themes_en_GB> (0x000000008a7a8f78) 
thrown [t:\workspace\open\src\hotspot\share\prims\jni.cpp, line 535]
Event: 0.908 Thread 0x000001d8ba0a7700 Exception <a 'java/lang/NoSuchMethodError'{0x000000008a2bff48}: 'void java.lang.invoke.DirectMethodHandle$Holder.invokeStaticInit(java.lang.Object, java.lang.Object)'> (0x000000008a2bff48) 
thrown [t:\workspace\open\src\hotspot\share\interpreter\linkResolver.cpp, line 766]
Event: 0.919 Thread 0x000001d8ba0a7700 Exception <a 'java/lang/NoSuchMethodError'{0x000000008a164850}: 'void java.lang.invoke.DirectMethodHandle$Holder.invokeSpecial(java.lang.Object, java.lang.Object, java.lang.Object, java.lang.Object, java.lang.Object)'> (0x000000008a164850) 
thrown [t:\workspace\open\src\hotspot\share\interpreter\linkResolver.cpp, line 766]
Event: 0.971 Thread 0x000001d8ba0a7700 Exception <a 'sun/nio/fs/WindowsException'{0x0000000089f118a8}> (0x0000000089f118a8) 
thrown [t:\workspace\open\src\hotspot\share\prims\jni.cpp, line 516]
Event: 1.017 Thread 0x000001d8ba0a7700 Exception <a 'sun/nio/fs/WindowsException'{0x0000000089e9ac38}> (0x0000000089e9ac38) 
thrown [t:\workspace\open\src\hotspot\share\prims\jni.cpp, line 516]
Event: 1.058 Thread 0x000001d8ba0a7700 Implicit null exception at 0x000001d8a9f4f58f to 0x000001d8a9f4fb7c
Event: 1.068 Thread 0x000001d8ba0a7700 Implicit null exception at 0x000001d8a9f4d70c to 0x000001d8a9f4db7c
Event: 1.068 Thread 0x000001d8ba0a7700 Implicit null exception at 0x000001d8a9f0bc8f to 0x000001d8a9f0bd09
Event: 1.268 Thread 0x000001d8ba0a7700 Exception <a 'java/lang/ClassNotFoundException'{0x000000008936f8c8}: com/sun/javafx/scene/control/skin/resources/controls> (0x000000008936f8c8) 
thrown [t:\workspace\open\src\hotspot\share\prims\jni.cpp, line 535]
Event: 1.269 Thread 0x000001d8ba0a7700 Exception <a 'java/lang/ClassNotFoundException'{0x000000008937d868}: com/sun/javafx/scene/control/skin/resources/controls_en> (0x000000008937d868) 
thrown [t:\workspace\open\src\hotspot\share\prims\jni.cpp, line 535]
Event: 1.269 Thread 0x000001d8ba0a7700 Exception <a 'java/lang/ClassNotFoundException'{0x000000008937e898}: com/sun/javafx/scene/control/skin/resources/controls_en_GB> (0x000000008937e898) 
thrown [t:\workspace\open\src\hotspot\share\prims\jni.cpp, line 535]
Event: 1.311 Thread 0x000001d8ba0a7700 Exception <a 'java/lang/NoSuchMethodError'{0x000000008913cae8}: 'void java.lang.invoke.DirectMethodHandle$Holder.invokeSpecial(java.lang.Object, java.lang.Object, java.lang.Object, java.lang.Object, java.lang.Object, java.lang.Object)'> (0x000000008913cae8) 
thrown [t:\workspace\open\src\hotspot\share\interpreter\linkResolver.cpp, line 766]
Event: 1.349 Thread 0x000001d8ba0a7700 Exception <a 'java/lang/NoSuchMethodError'{0x0000000088e3d4b0}: 'java.lang.Object java.lang.invoke.DirectMethodHandle$Holder.invokeInterface(java.lang.Object, java.lang.Object, java.lang.Object)'> (0x0000000088e3d4b0) 
thrown [t:\workspace\open\src\hotspot\share\interpreter\linkResolver.cpp, line 766]
Event: 1.349 Thread 0x000001d8ba0a7700 Exception <a 'java/lang/IncompatibleClassChangeError'{0x0000000088e40b78}: Found class java.lang.Object, but interface was expected> (0x0000000088e40b78) 
thrown [t:\workspace\open\src\hotspot\share\interpreter\linkResolver.cpp, line 833]
Event: 1.422 Thread 0x000001d8ba0a7700 Exception <a 'java/lang/NoSuchMethodError'{0x000000008af1d358}: 'java.lang.Object java.lang.invoke.DirectMethodHandle$Holder.newInvokeSpecial(java.lang.Object, java.lang.Object, int)'> (0x000000008af1d358) 
thrown [t:\workspace\open\src\hotspot\share\interpreter\linkResolver.cpp, line 766]
Event: 1.455 Thread 0x000001d8b9fdc760 Exception <a 'java/lang/NoSuchMethodError'{0x000000008ae1aca8}: 'int java.lang.invoke.DirectMethodHandle$Holder.invokeStaticInit(java.lang.Object, java.lang.Object)'> (0x000000008ae1aca8) 
thrown [t:\workspace\open\src\hotspot\share\interpreter\linkResolver.cpp, line 766]
Event: 1.469 Thread 0x000001d8ba0a7700 Exception <a 'java/lang/NoSuchMethodError'{0x000000008af7bb50}: 'long java.lang.invoke.DirectMethodHandle$Holder.invokeStatic(java.lang.Object, java.lang.Object, java.lang.Object)'> (0x000000008af7bb50) 
thrown [t:\workspace\open\src\hotspot\share\interpreter\linkResolver.cpp, line 766]
Event: 1.469 Thread 0x000001d8ba0a7700 Exception <a 'java/lang/NoSuchMethodError'{0x000000008af7f2f8}: 'long java.lang.invoke.DirectMethodHandle$Holder.invokeStaticInit(java.lang.Object, java.lang.Object, java.lang.Object)'> (0x000000008af7f2f8) 
thrown [t:\workspace\open\src\hotspot\share\interpreter\linkResolver.cpp, line 766]
Event: 1.474 Thread 0x000001d8ba0a7700 Exception <a 'java/lang/NoSuchMethodError'{0x000000008ad151b8}: 'java.lang.Object java.lang.invoke.DirectMethodHandle$Holder.newInvokeSpecial(java.lang.Object, java.lang.Object, long)'> (0x000000008ad151b8) 
thrown [t:\workspace\open\src\hotspot\share\interpreter\linkResolver.cpp, line 766]
Event: 1.474 Thread 0x000001d8ba0a7700 Exception <a 'java/lang/NoSuchMethodError'{0x000000008ad18d28}: 'java.lang.Object java.lang.invoke.Invokers$Holder.linkToTargetMethod(java.lang.Object, long, java.lang.Object)'> (0x000000008ad18d28) 
thrown [t:\workspace\open\src\hotspot\share\interpreter\linkResolver.cpp, line 766]

VM Operations (20 events):
Event: 1.059 Executing VM operation: ICBufferFull done
Event: 1.408 Executing VM operation: G1CollectForAllocation
Event: 1.414 Executing VM operation: G1CollectForAllocation done
Event: 2.414 Executing VM operation: Cleanup
Event: 2.414 Executing VM operation: Cleanup done
Event: 3.076 Executing VM operation: ICBufferFull
Event: 3.076 Executing VM operation: ICBufferFull done
Event: 3.894 Executing VM operation: HandshakeAllThreads
Event: 3.894 Executing VM operation: HandshakeAllThreads done
Event: 4.894 Executing VM operation: Cleanup
Event: 4.895 Executing VM operation: Cleanup done
Event: 5.895 Executing VM operation: Cleanup
Event: 5.895 Executing VM operation: Cleanup done
Event: 6.896 Executing VM operation: Cleanup
Event: 6.897 Executing VM operation: Cleanup done
Event: 7.897 Executing VM operation: Cleanup
Event: 7.897 Executing VM operation: Cleanup done
Event: 8.897 Executing VM operation: Cleanup
Event: 8.898 Executing VM operation: Cleanup done
Event: 452.111 Executing VM operation: Exit

Events (20 events):
Event: 3.928 loading class sun/util/resources/Bundles$2
Event: 3.928 loading class sun/util/resources/Bundles$2 done
Event: 3.929 loading class sun/text/RuleBasedBreakIterator
Event: 3.929 loading class sun/text/RuleBasedBreakIterator done
Event: 3.930 loading class sun/text/CompactByteArray
Event: 3.930 loading class sun/text/CompactByteArray done
Event: 3.930 loading class sun/text/SupplementaryCharacterData
Event: 3.930 loading class sun/text/SupplementaryCharacterData done
Event: 3.930 loading class java/text/BreakIterator$BreakIteratorCache
Event: 3.930 loading class java/text/BreakIterator$BreakIteratorCache done
Event: 3.965 Thread 0x000001d8ba3ab440 Thread added: 0x000001d8ba3ab440
Event: 4.440 Thread 0x000001d8ba3ab440 Thread exited: 0x000001d8ba3ab440
Event: 452.106 loading class jdk/internal/misc/Signal$1
Event: 452.106 loading class jdk/internal/misc/Signal$1 done
Event: 452.106 Thread 0x000001d8c2648a90 Thread added: 0x000001d8c2648a90
Event: 452.107 Thread 0x000001d8c2649430 Thread added: 0x000001d8c2649430
Event: 452.107 Thread 0x000001d8c2647c20 Thread added: 0x000001d8c2647c20
Event: 452.108 Thread 0x000001d8c2649430 Thread exited: 0x000001d8c2649430
Event: 452.109 Thread 0x000001d8c2647c20 Thread exited: 0x000001d8c2647c20
Event: 452.110 Thread 0x000001d8b8ba1ec0 Thread exited: 0x000001d8b8ba1ec0


Dynamic libraries:
0x00007ff670e00000 - 0x00007ff670e0e000 	C:\Users\minhd\.jdks\openjdk-17.0.1\bin\java.exe
0x00007ffdf5d00000 - 0x00007ffdf5f0f000 	C:\WINDOWS\SYSTEM32\ntdll.dll
0x00007ffdf4f10000 - 0x00007ffdf4fcd000 	C:\WINDOWS\System32\KERNEL32.DLL
0x00007ffdf3180000 - 0x00007ffdf3514000 	C:\WINDOWS\System32\KERNELBASE.dll
0x00007ffdf0250000 - 0x00007ffdf02e3000 	C:\WINDOWS\SYSTEM32\apphelp.dll
0x00007ffdf38c0000 - 0x00007ffdf39d1000 	C:\WINDOWS\System32\ucrtbase.dll
0x00007ffdee920000 - 0x00007ffdee93a000 	C:\Users\minhd\.jdks\openjdk-17.0.1\bin\VCRUNTIME140.dll
0x00007ffdeafc0000 - 0x00007ffdeafd8000 	C:\Users\minhd\.jdks\openjdk-17.0.1\bin\jli.dll
0x00007ffdf4820000 - 0x00007ffdf49ca000 	C:\WINDOWS\System32\USER32.dll
0x00007ffde5350000 - 0x00007ffde55f1000 	C:\WINDOWS\WinSxS\amd64_microsoft.windows.common-controls_6595b64144ccf1df_6.0.22543.1000_none_25f07d7fa9409c95\COMCTL32.dll
0x00007ffdf3520000 - 0x00007ffdf3546000 	C:\WINDOWS\System32\win32u.dll
0x00007ffdf4b70000 - 0x00007ffdf4c14000 	C:\WINDOWS\System32\msvcrt.dll
0x00007ffdf3b50000 - 0x00007ffdf3b79000 	C:\WINDOWS\System32\GDI32.dll
0x00007ffdf37a0000 - 0x00007ffdf38b7000 	C:\WINDOWS\System32\gdi32full.dll
0x00007ffdf39e0000 - 0x00007ffdf3a7a000 	C:\WINDOWS\System32\msvcp_win.dll
0x00007ffdf5c10000 - 0x00007ffdf5c41000 	C:\WINDOWS\System32\IMM32.DLL
0x00007ffdee970000 - 0x00007ffdee97c000 	C:\Users\minhd\.jdks\openjdk-17.0.1\bin\vcruntime140_1.dll
0x00007ffd9fea0000 - 0x00007ffd9ff2d000 	C:\Users\minhd\.jdks\openjdk-17.0.1\bin\msvcp140.dll
0x00007ffd7b1b0000 - 0x00007ffd7bd6e000 	C:\Users\minhd\.jdks\openjdk-17.0.1\bin\server\jvm.dll
0x00007ffdf5370000 - 0x00007ffdf541e000 	C:\WINDOWS\System32\ADVAPI32.dll
0x00007ffdf59b0000 - 0x00007ffdf5a55000 	C:\WINDOWS\System32\sechost.dll
0x00007ffdf4de0000 - 0x00007ffdf4eff000 	C:\WINDOWS\System32\RPCRT4.dll
0x00007ffdf51d0000 - 0x00007ffdf51d8000 	C:\WINDOWS\System32\PSAPI.DLL
0x00007ffddb850000 - 0x00007ffddb859000 	C:\WINDOWS\SYSTEM32\WSOCK32.dll
0x00007ffdf5050000 - 0x00007ffdf50c1000 	C:\WINDOWS\System32\WS2_32.dll
0x00007ffdeaf80000 - 0x00007ffdeafb4000 	C:\WINDOWS\SYSTEM32\WINMM.dll
0x00007ffde5280000 - 0x00007ffde528a000 	C:\WINDOWS\SYSTEM32\VERSION.dll
0x00007ffdf22c0000 - 0x00007ffdf22d7000 	C:\WINDOWS\SYSTEM32\kernel.appcore.dll
0x00007ffdeb670000 - 0x00007ffdeb67a000 	C:\Users\minhd\.jdks\openjdk-17.0.1\bin\jimage.dll
0x00007ffdf03c0000 - 0x00007ffdf05e4000 	C:\WINDOWS\SYSTEM32\DBGHELP.DLL
0x00007ffdf3b80000 - 0x00007ffdf3ef1000 	C:\WINDOWS\System32\combase.dll
0x00007ffdf5a60000 - 0x00007ffdf5b37000 	C:\WINDOWS\System32\OLEAUT32.dll
0x00007ffddfb10000 - 0x00007ffddfb41000 	C:\WINDOWS\SYSTEM32\dbgcore.DLL
0x00007ffdf3550000 - 0x00007ffdf35cb000 	C:\WINDOWS\System32\bcryptPrimitives.dll
0x00007ffdeb630000 - 0x00007ffdeb63e000 	C:\Users\minhd\.jdks\openjdk-17.0.1\bin\instrument.dll
0x00007ffde4a30000 - 0x00007ffde4a55000 	C:\Users\minhd\.jdks\openjdk-17.0.1\bin\java.dll
0x00007ffd9fa10000 - 0x00007ffd9fae6000 	C:\Users\minhd\.jdks\openjdk-17.0.1\bin\svml.dll
0x00007ffdf3ff0000 - 0x00007ffdf47ad000 	C:\WINDOWS\System32\SHELL32.dll
0x00007ffdf11f0000 - 0x00007ffdf1a49000 	C:\WINDOWS\SYSTEM32\windows.storage.dll
0x00007ffdf10b0000 - 0x00007ffdf11ec000 	C:\WINDOWS\SYSTEM32\wintypes.dll
0x00007ffdf50d0000 - 0x00007ffdf51c1000 	C:\WINDOWS\System32\SHCORE.dll
0x00007ffdf47b0000 - 0x00007ffdf480b000 	C:\WINDOWS\System32\shlwapi.dll
0x00007ffdf30b0000 - 0x00007ffdf30d1000 	C:\WINDOWS\SYSTEM32\profapi.dll
0x00007ffde4a10000 - 0x00007ffde4a29000 	C:\Users\minhd\.jdks\openjdk-17.0.1\bin\net.dll
0x00007ffded040000 - 0x00007ffded151000 	C:\WINDOWS\SYSTEM32\WINHTTP.dll
0x00007ffdf2770000 - 0x00007ffdf27d9000 	C:\WINDOWS\system32\mswsock.dll
0x00007ffde49d0000 - 0x00007ffde49e5000 	C:\Users\minhd\.jdks\openjdk-17.0.1\bin\nio.dll
0x00007ffdda300000 - 0x00007ffdda318000 	C:\Users\minhd\.jdks\openjdk-17.0.1\bin\zip.dll
0x00007ffdd90f0000 - 0x00007ffdd910a000 	C:\Program Files\JetBrains\IntelliJ IDEA Community Edition 2021.3.1\bin\breakgen64.dll
0x000001d898c30000 - 0x000001d898c33000 	C:\Users\minhd\.openjfx\cache\17.0.1\api-ms-win-core-console-l1-1-0.dll
0x000001d898c40000 - 0x000001d898c43000 	C:\Users\minhd\.openjfx\cache\17.0.1\api-ms-win-core-console-l1-2-0.dll
0x000001d89abc0000 - 0x000001d89abc3000 	C:\Users\minhd\.openjfx\cache\17.0.1\api-ms-win-core-datetime-l1-1-0.dll
0x000001d89abd0000 - 0x000001d89abd3000 	C:\Users\minhd\.openjfx\cache\17.0.1\api-ms-win-core-debug-l1-1-0.dll
0x000001d89abe0000 - 0x000001d89abe3000 	C:\Users\minhd\.openjfx\cache\17.0.1\api-ms-win-core-errorhandling-l1-1-0.dll
0x000001d89abf0000 - 0x000001d89abf4000 	C:\Users\minhd\.openjfx\cache\17.0.1\api-ms-win-core-file-l1-1-0.dll
0x000001d8b8d20000 - 0x000001d8b8d23000 	C:\Users\minhd\.openjfx\cache\17.0.1\api-ms-win-core-file-l1-2-0.dll
0x000001d8b8d30000 - 0x000001d8b8d33000 	C:\Users\minhd\.openjfx\cache\17.0.1\api-ms-win-core-file-l2-1-0.dll
0x000001d8b8d40000 - 0x000001d8b8d43000 	C:\Users\minhd\.openjfx\cache\17.0.1\api-ms-win-core-handle-l1-1-0.dll
0x000001d8b8d50000 - 0x000001d8b8d53000 	C:\Users\minhd\.openjfx\cache\17.0.1\api-ms-win-core-heap-l1-1-0.dll
0x000001d8b8d60000 - 0x000001d8b8d63000 	C:\Users\minhd\.openjfx\cache\17.0.1\api-ms-win-core-interlocked-l1-1-0.dll
0x000001d8b8d70000 - 0x000001d8b8d73000 	C:\Users\minhd\.openjfx\cache\17.0.1\api-ms-win-core-libraryloader-l1-1-0.dll
0x000001d8b8d80000 - 0x000001d8b8d83000 	C:\Users\minhd\.openjfx\cache\17.0.1\api-ms-win-core-localization-l1-2-0.dll
0x000001d8b8d90000 - 0x000001d8b8d93000 	C:\Users\minhd\.openjfx\cache\17.0.1\api-ms-win-core-memory-l1-1-0.dll
0x000001d8b8da0000 - 0x000001d8b8da3000 	C:\Users\minhd\.openjfx\cache\17.0.1\api-ms-win-core-namedpipe-l1-1-0.dll
0x000001d8b8db0000 - 0x000001d8b8db3000 	C:\Users\minhd\.openjfx\cache\17.0.1\api-ms-win-core-processenvironment-l1-1-0.dll
0x000001d8b8dc0000 - 0x000001d8b8dc3000 	C:\Users\minhd\.openjfx\cache\17.0.1\api-ms-win-core-processthreads-l1-1-0.dll
0x000001d8b8dd0000 - 0x000001d8b8dd3000 	C:\Users\minhd\.openjfx\cache\17.0.1\api-ms-win-core-processthreads-l1-1-1.dll
0x000001d8b8de0000 - 0x000001d8b8de3000 	C:\Users\minhd\.openjfx\cache\17.0.1\api-ms-win-core-profile-l1-1-0.dll
0x000001d8b8df0000 - 0x000001d8b8df3000 	C:\Users\minhd\.openjfx\cache\17.0.1\api-ms-win-core-rtlsupport-l1-1-0.dll
0x000001d8b8e00000 - 0x000001d8b8e03000 	C:\Users\minhd\.openjfx\cache\17.0.1\api-ms-win-core-string-l1-1-0.dll
0x000001d8b8e10000 - 0x000001d8b8e13000 	C:\Users\minhd\.openjfx\cache\17.0.1\api-ms-win-core-synch-l1-1-0.dll
0x000001d8b8e20000 - 0x000001d8b8e23000 	C:\Users\minhd\.openjfx\cache\17.0.1\api-ms-win-core-synch-l1-2-0.dll
0x000001d8b8e30000 - 0x000001d8b8e33000 	C:\Users\minhd\.openjfx\cache\17.0.1\api-ms-win-core-sysinfo-l1-1-0.dll
0x000001d8b8e40000 - 0x000001d8b8e43000 	C:\Users\minhd\.openjfx\cache\17.0.1\api-ms-win-core-timezone-l1-1-0.dll
0x000001d8b8e50000 - 0x000001d8b8e53000 	C:\Users\minhd\.openjfx\cache\17.0.1\api-ms-win-core-util-l1-1-0.dll
0x000001d8b8e60000 - 0x000001d8b8e63000 	C:\Users\minhd\.openjfx\cache\17.0.1\api-ms-win-crt-conio-l1-1-0.dll
0x000001d8b8e70000 - 0x000001d8b8e74000 	C:\Users\minhd\.openjfx\cache\17.0.1\api-ms-win-crt-convert-l1-1-0.dll
0x000001d8b8e80000 - 0x000001d8b8e83000 	C:\Users\minhd\.openjfx\cache\17.0.1\api-ms-win-crt-environment-l1-1-0.dll
0x000001d8b8e90000 - 0x000001d8b8e93000 	C:\Users\minhd\.openjfx\cache\17.0.1\api-ms-win-crt-filesystem-l1-1-0.dll
0x000001d8b8ea0000 - 0x000001d8b8ea3000 	C:\Users\minhd\.openjfx\cache\17.0.1\api-ms-win-crt-heap-l1-1-0.dll
0x000001d8b8eb0000 - 0x000001d8b8eb3000 	C:\Users\minhd\.openjfx\cache\17.0.1\api-ms-win-crt-locale-l1-1-0.dll
0x000001d8b8ec0000 - 0x000001d8b8ec5000 	C:\Users\minhd\.openjfx\cache\17.0.1\api-ms-win-crt-math-l1-1-0.dll
0x000001d8b8ed0000 - 0x000001d8b8ed5000 	C:\Users\minhd\.openjfx\cache\17.0.1\api-ms-win-crt-multibyte-l1-1-0.dll
0x000001d8b8ee0000 - 0x000001d8b8ef0000 	C:\Users\minhd\.openjfx\cache\17.0.1\api-ms-win-crt-private-l1-1-0.dll
0x000001d8b8ef0000 - 0x000001d8b8ef3000 	C:\Users\minhd\.openjfx\cache\17.0.1\api-ms-win-crt-process-l1-1-0.dll
0x000001d8b8f00000 - 0x000001d8b8f04000 	C:\Users\minhd\.openjfx\cache\17.0.1\api-ms-win-crt-runtime-l1-1-0.dll
0x000001d8b8f10000 - 0x000001d8b8f14000 	C:\Users\minhd\.openjfx\cache\17.0.1\api-ms-win-crt-stdio-l1-1-0.dll
0x000001d8b8f20000 - 0x000001d8b8f24000 	C:\Users\minhd\.openjfx\cache\17.0.1\api-ms-win-crt-string-l1-1-0.dll
0x000001d8b8f30000 - 0x000001d8b8f33000 	C:\Users\minhd\.openjfx\cache\17.0.1\api-ms-win-crt-time-l1-1-0.dll
0x000001d8b8f40000 - 0x000001d8b8f43000 	C:\Users\minhd\.openjfx\cache\17.0.1\api-ms-win-crt-utility-l1-1-0.dll
0x00007ffd9f910000 - 0x00007ffd9fa0c000 	C:\Users\minhd\.openjfx\cache\17.0.1\ucrtbase.dll
0x00007ffdd90d0000 - 0x00007ffdd90ea000 	C:\Users\minhd\.openjfx\cache\17.0.1\vcruntime140.dll
0x00007ffddb360000 - 0x00007ffddb36c000 	C:\Users\minhd\.openjfx\cache\17.0.1\vcruntime140_1.dll
0x00007ffd9f880000 - 0x00007ffd9f90d000 	C:\Users\minhd\.openjfx\cache\17.0.1\msvcp140.dll
0x00007ffdbad20000 - 0x00007ffdbad4a000 	C:\Users\minhd\.openjfx\cache\17.0.1\prism_d3d.dll
0x00007ffddef80000 - 0x00007ffddf126000 	C:\WINDOWS\system32\d3d9.dll
0x00007ffdf09a0000 - 0x00007ffdf09cb000 	C:\WINDOWS\SYSTEM32\dwmapi.dll
0x00007ffdf0a10000 - 0x00007ffdf0a48000 	C:\WINDOWS\SYSTEM32\dxcore.dll
0x00007ffdf0720000 - 0x00007ffdf07cc000 	C:\WINDOWS\system32\uxtheme.dll
0x00007ffd94570000 - 0x00007ffd946d5000 	C:\Windows\System32\DriverStore\FileRepository\iigd_dch.inf_amd64_84377077446949ca\igdumdim64.dll
0x00007ffdf49d0000 - 0x00007ffdf4b68000 	C:\WINDOWS\System32\ole32.dll
0x00007ffd5f3f0000 - 0x00007ffd63046000 	C:\Windows\System32\DriverStore\FileRepository\iigd_dch.inf_amd64_84377077446949ca\igd9dxva64.dll
0x00007ffdf54a0000 - 0x00007ffdf5913000 	C:\WINDOWS\System32\SETUPAPI.dll
0x00007ffdf2e70000 - 0x00007ffdf2ebe000 	C:\WINDOWS\SYSTEM32\cfgmgr32.dll
0x00007ffde5bb0000 - 0x00007ffde5f71000 	C:\Windows\System32\DriverStore\FileRepository\iigd_dch.inf_amd64_84377077446949ca\igdgmm64.dll
0x00007ffdecf80000 - 0x00007ffdecfc5000 	C:\WINDOWS\SYSTEM32\directxdatabasehelper.dll
0x00007ffdaf380000 - 0x00007ffdaf3c2000 	C:\Users\minhd\.openjfx\cache\17.0.1\glass.dll
0x00007ffdf3f00000 - 0x00007ffdf3fe8000 	C:\WINDOWS\System32\COMDLG32.dll
0x00007ffdf51e0000 - 0x00007ffdf530d000 	C:\WINDOWS\System32\MSCTF.dll
0x00007ffddafe0000 - 0x00007ffddb007000 	C:\Windows\System32\DriverStore\FileRepository\iigd_dch.inf_amd64_84377077446949ca\igdinfo64.dll
0x00007ffddfdd0000 - 0x00007ffde2fd6000 	C:\Windows\System32\DriverStore\FileRepository\iigd_dch.inf_amd64_84377077446949ca\igc64.dll
0x00007ffdd1d70000 - 0x00007ffdd1d84000 	C:\Users\minhd\.openjfx\cache\17.0.1\javafx_font.dll
0x00007ffdef680000 - 0x00007ffdef8e6000 	C:\WINDOWS\SYSTEM32\dwrite.dll
0x00007ffdf5b60000 - 0x00007ffdf5c0f000 	C:\WINDOWS\System32\clbcatq.dll
0x00007ffdebc20000 - 0x00007ffdebdce000 	C:\WINDOWS\SYSTEM32\WindowsCodecs.dll
0x00007ffdd1950000 - 0x00007ffdd19ad000 	C:\WINDOWS\system32\dataexchange.dll
0x00007ffde79f0000 - 0x00007ffde7c55000 	C:\WINDOWS\system32\twinapi.appcore.dll
0x00007ffdb43e0000 - 0x00007ffdb4412000 	C:\Program Files\Common Files\Microsoft Shared\Ink\rtscom.dll
0x00007ffdeafe0000 - 0x00007ffdeb10b000 	C:\WINDOWS\SYSTEM32\textinputframework.dll
0x00007ffdeff50000 - 0x00007ffdf0089000 	C:\WINDOWS\SYSTEM32\CoreMessaging.dll
0x00007ffdec960000 - 0x00007ffdecccb000 	C:\WINDOWS\SYSTEM32\CoreUIComponents.dll
0x00007ffdf29e0000 - 0x00007ffdf29ec000 	C:\WINDOWS\SYSTEM32\CRYPTBASE.DLL
0x00007ffdcc210000 - 0x00007ffdcc279000 	C:\WINDOWS\system32\Oleacc.dll

dbghelp: loaded successfully - version: 4.0.5 - missing functions: none
symbol engine: initialized successfully - sym options: 0x614 - pdb path: .;C:\Users\minhd\.jdks\openjdk-17.0.1\bin;C:\WINDOWS\SYSTEM32;C:\WINDOWS\WinSxS\amd64_microsoft.windows.common-controls_6595b64144ccf1df_6.0.22543.1000_none_25f07d7fa9409c95;C:\Users\minhd\.jdks\openjdk-17.0.1\bin\server;C:\Program Files\JetBrains\IntelliJ IDEA Community Edition 2021.3.1\bin;C:\Users\minhd\.openjfx\cache\17.0.1;C:\Windows\System32\DriverStore\FileRepository\iigd_dch.inf_amd64_84377077446949ca;C:\Program Files\Common Files\Microsoft Shared\Ink

VM Arguments:
jvm_args: -javaagent:C:\Program Files\JetBrains\IntelliJ IDEA Community Edition 2021.3.1\lib\idea_rt.jar=63306:C:\Program Files\JetBrains\IntelliJ IDEA Community Edition 2021.3.1\bin -Dfile.encoding=UTF-8 --module-path=C:\Users\minhd\.m2\repository\com\fasterxml\jackson\datatype\jackson-datatype-jsr310\2.13.1\jackson-datatype-jsr310-2.13.1.jar;C:\Users\minhd\.m2\repository\org\openjfx\javafx-controls\17.0.1\javafx-controls-17.0.1-win.jar;C:\Users\minhd\IdeaProjects\todo\target\classes;C:\Users\minhd\.m2\repository\com\fasterxml\jackson\core\jackson-databind\2.13.0\jackson-databind-2.13.0.jar;C:\Users\minhd\.m2\repository\org\openjfx\javafx-base\17.0.1\javafx-base-17.0.1-win.jar;C:\Users\minhd\.m2\repository\org\openjfx\javafx-fxml\17.0.1\javafx-fxml-17.0.1-win.jar;C:\Users\minhd\.m2\repository\com\fasterxml\jackson\core\jackson-annotations\2.13.1\jackson-annotations-2.13.1.jar;C:\Users\minhd\.m2\repository\org\openjfx\javafx-graphics\17.0.1\javafx-graphics-17.0.1-win.jar;C:\Users\minhd\.m2\repository\com\fasterxml\jackson\core\jackson-core\2.13.1\jackson-core-2.13.1.jar -Djdk.module.main=com.example.todo 
java_command: com.example.todo/com.example.todo.Main
java_class_path (initial): D:\study\FRA\Java\javaFX\http-client\httpclient-4.5.13.jar;C:\Users\minhd\.m2\repository\com\googlecode\json-simple\json-simple\1.1.1\json-simple-1.1.1.jar;C:\Users\minhd\.m2\repository\junit\junit\4.10\junit-4.10.jar;C:\Users\minhd\.m2\repository\org\hamcrest\hamcrest-core\1.1\hamcrest-core-1.1.jar;C:\Users\minhd\.m2\repository\org\openjfx\javafx-controls\17.0.1\javafx-controls-17.0.1.jar;C:\Users\minhd\.m2\repository\org\openjfx\javafx-graphics\17.0.1\javafx-graphics-17.0.1.jar;C:\Users\minhd\.m2\repository\org\openjfx\javafx-base\17.0.1\javafx-base-17.0.1.jar;C:\Users\minhd\.m2\repository\org\openjfx\javafx-fxml\17.0.1\javafx-fxml-17.0.1.jar;C:\Users\minhd\.m2\repository\org\controlsfx\controlsfx\11.1.0\controlsfx-11.1.0.jar;C:\Users\minhd\.m2\repository\com\dlsc\formsfx\formsfx-core\11.3.2\formsfx-core-11.3.2.jar;C:\Users\minhd\.m2\repository\org\kordamp\bootstrapfx\bootstrapfx-core\0.4.0\bootstrapfx-core-0.4.0.jar;C:\Users\minhd\.m2\repository\mysql\mysql-connector-java\8.0.27\mysql-connector-java-8.0.27.jar;C:\Users\minhd\.m2\repository\com\google\protobuf\protobuf-java\3.11.4\protobuf-java-3.11.4.jar;C:\Users\minhd\.m2\repository\org\codehaus\httpcache4j\uribuilder\uribuilder\2.0.0\uribuilder-2.0.0.jar
Launcher Type: SUN_STANDARD

[Global flags]
     intx CICompilerCount                          = 4                                         {product} {ergonomic}
     uint ConcGCThreads                            = 2                                         {product} {ergonomic}
     uint G1ConcRefinementThreads                  = 8                                         {product} {ergonomic}
   size_t G1HeapRegionSize                         = 1048576                                   {product} {ergonomic}
    uintx GCDrainStackTargetSize                   = 64                                        {product} {ergonomic}
   size_t InitialHeapSize                          = 132120576                                 {product} {ergonomic}
   size_t MarkStackSize                            = 4194304                                   {product} {ergonomic}
   size_t MaxHeapSize                              = 2095054848                                {product} {ergonomic}
   size_t MaxNewSize                               = 1256194048                                {product} {ergonomic}
   size_t MinHeapDeltaBytes                        = 1048576                                   {product} {ergonomic}
   size_t MinHeapSize                              = 8388608                                   {product} {ergonomic}
    uintx NonNMethodCodeHeapSize                   = 5839372                                {pd product} {ergonomic}
    uintx NonProfiledCodeHeapSize                  = 122909434                              {pd product} {ergonomic}
    uintx ProfiledCodeHeapSize                     = 122909434                              {pd product} {ergonomic}
    uintx ReservedCodeCacheSize                    = 251658240                              {pd product} {ergonomic}
     bool SegmentedCodeCache                       = true                                      {product} {ergonomic}
   size_t SoftMaxHeapSize                          = 2095054848                             {manageable} {ergonomic}
     bool UseCompressedClassPointers               = true                           {product lp64_product} {ergonomic}
     bool UseCompressedOops                        = true                           {product lp64_product} {ergonomic}
     bool UseG1GC                                  = true                                      {product} {ergonomic}
     bool UseLargePagesIndividualAllocation        = false                                  {pd product} {ergonomic}

Logging:
Log output configuration:
 #0: stdout all=off uptime,level,tags
 #1: stderr all=off uptime,level,tags

Environment Variables:
JAVA_HOME=C:\Users\minhd\AppData\Local\Programs\Eclipse Adoptium\jdk-11.0.13.8-hotspot\
PATH=C:\Windows\system32;C:\Windows;C:\Windows\System32\Wbem;C:\Windows\System32\WindowsPowerShell\v1.0\;C:\Windows\System32\OpenSSH\;C:\Program Files (x86)\NVIDIA Corporation\PhysX\Common;C:\Program Files\NVIDIA Corporation\NVIDIA NvDLISR;C:\WINDOWS\system32;C:\WINDOWS;C:\WINDOWS\System32\Wbem;C:\WINDOWS\System32\WindowsPowerShell\v1.0\;C:\WINDOWS\System32\OpenSSH\;C:\Program Files (x86)\Dev-Cpp\MinGW64\bin;D:\program\matlab\runtime\win64;D:\program\matlab\bin;D:\program\matlab\polyspace\bin;C:\Android;C:\Program Files\Git\cmd;C:\Program Files\nodejs\;C:\Program Files\dotnet\;C:\Users\minhd\AppData\Local\Programs\Eclipse Adoptium\jdk-11.0.13.8-hotspot\bin;C:\Users\minhd\AppData\Local\Microsoft\WindowsApps;D:\program\web project\PyCharm 2020.3.3\bin;;C:\Users\minhd\AppData\Roaming\npm;;C:\Program Files\JetBrains\IntelliJ IDEA Community Edition 2021.3.1\bin;;C:\Users\minhd\AppData\Local\Programs\Microsoft VS Code\bin;C:\Users\minhd\AppData\Local\Programs\oh-my-posh\bin;C:\Users\minhd\AppData\Local\Programs\oh-my-posh\themes
USERNAME=duck
OS=Windows_NT
PROCESSOR_IDENTIFIER=Intel64 Family 6 Model 142 Stepping 12, GenuineIntel



---------------  S Y S T E M  ---------------

OS:
 Windows 10 , 64 bit Build 22543 (10.0.22543.1000)
OS uptime: 3 days 15:15 hours
Hyper-V role detected

CPU: total 8 (initial active 8) (4 cores per cpu, 2 threads per core) family 6 model 142 stepping 12 microcode 0xde, cx8, cmov, fxsr, ht, mmx, 3dnowpref, sse, sse2, sse3, ssse3, sse4.1, sse4.2, popcnt, lzcnt, tsc, tscinvbit, avx, avx2, aes, erms, clmul, bmi1, bmi2, adx, fma, vzeroupper, clflush, clflushopt, hv

Memory: 4k page, system-wide physical 7990M (742M free)
TotalPageFile size 19718M (AvailPageFile size 2864M)
current process WorkingSet (physical memory assigned to process): 154M, peak: 188M
current process commit charge ("private bytes"): 274M, peak: 308M

vm_info: OpenJDK 64-Bit Server VM (17.0.1+12-39) for windows-amd64 JRE (17.0.1+12-39), built on Sep 27 2021 18:39:29 by "mach5one" with MS VC++ 16.8 (VS2019)

END.
